<?xml version="1.0" encoding="UTF-8"?>
<testsuite xmlns:xsi="http://www.w3.org/2001/XMLSchema-instance" xsi:noNamespaceSchemaLocation="https://maven.apache.org/surefire/maven-surefire-plugin/xsd/surefire-test-report-3.0.xsd" version="3.0" name="domain.OrderPaymentSagaTest" time="58.355" tests="3" errors="0" skipped="0" failures="0">
  <properties>
    <property name="java.specification.version" value="17"/>
    <property name="sun.cpu.isalist" value="amd64"/>
    <property name="sun.jnu.encoding" value="Cp1251"/>
    <property name="java.class.path" value="C:\Users\SpaceX\Desktop\microservices\food-ordering-system\order-service\order-container\target\test-classes;C:\Users\SpaceX\Desktop\microservices\food-ordering-system\order-service\order-container\target\classes;C:\Users\SpaceX\Desktop\microservices\food-ordering-system\order-service\order-domain\order-domain-core\target\order-domain-core-1.0-SNAPSHOT.jar;C:\Users\SpaceX\Desktop\microservices\food-ordering-system\common\common-domain\target\common-domain-1.0-SNAPSHOT.jar;C:\Users\SpaceX\Desktop\microservices\food-ordering-system\order-service\order-domain\order-application-service\target\order-application-service-1.0-SNAPSHOT.jar;C:\Users\SpaceX\.m2\repository\org\springframework\boot\spring-boot-starter-validation\3.1.5\spring-boot-starter-validation-3.1.5.jar;C:\Users\SpaceX\.m2\repository\org\apache\tomcat\embed\tomcat-embed-el\10.1.15\tomcat-embed-el-10.1.15.jar;C:\Users\SpaceX\.m2\repository\org\hibernate\validator\hibernate-validator\8.0.1.Final\hibernate-validator-8.0.1.Final.jar;C:\Users\SpaceX\.m2\repository\jakarta\validation\jakarta.validation-api\3.0.2\jakarta.validation-api-3.0.2.jar;C:\Users\SpaceX\.m2\repository\org\jboss\logging\jboss-logging\3.5.3.Final\jboss-logging-3.5.3.Final.jar;C:\Users\SpaceX\.m2\repository\com\fasterxml\classmate\1.5.1\classmate-1.5.1.jar;C:\Users\SpaceX\.m2\repository\org\springframework\spring-tx\6.0.13\spring-tx-6.0.13.jar;C:\Users\SpaceX\.m2\repository\org\springframework\spring-beans\6.0.13\spring-beans-6.0.13.jar;C:\Users\SpaceX\Desktop\microservices\food-ordering-system\infrastructure2\saga\target\saga-1.0-SNAPSHOT.jar;C:\Users\SpaceX\Desktop\microservices\food-ordering-system\infrastructure2\outbox\target\outbox-1.0-SNAPSHOT.jar;C:\Users\SpaceX\.m2\repository\org\springframework\boot\spring-boot-starter-json\3.1.5\spring-boot-starter-json-3.1.5.jar;C:\Users\SpaceX\.m2\repository\org\springframework\spring-web\6.0.13\spring-web-6.0.13.jar;C:\Users\SpaceX\.m2\repository\io\micrometer\micrometer-observation\1.11.5\micrometer-observation-1.11.5.jar;C:\Users\SpaceX\.m2\repository\io\micrometer\micrometer-commons\1.11.5\micrometer-commons-1.11.5.jar;C:\Users\SpaceX\.m2\repository\com\fasterxml\jackson\core\jackson-databind\2.15.3\jackson-databind-2.15.3.jar;C:\Users\SpaceX\.m2\repository\com\fasterxml\jackson\core\jackson-annotations\2.15.3\jackson-annotations-2.15.3.jar;C:\Users\SpaceX\.m2\repository\com\fasterxml\jackson\core\jackson-core\2.15.3\jackson-core-2.15.3.jar;C:\Users\SpaceX\.m2\repository\com\fasterxml\jackson\datatype\jackson-datatype-jdk8\2.15.3\jackson-datatype-jdk8-2.15.3.jar;C:\Users\SpaceX\.m2\repository\com\fasterxml\jackson\datatype\jackson-datatype-jsr310\2.15.3\jackson-datatype-jsr310-2.15.3.jar;C:\Users\SpaceX\.m2\repository\com\fasterxml\jackson\module\jackson-module-parameter-names\2.15.3\jackson-module-parameter-names-2.15.3.jar;C:\Users\SpaceX\.m2\repository\org\javassist\javassist\3.23.1-GA\javassist-3.23.1-GA.jar;C:\Users\SpaceX\Desktop\microservices\food-ordering-system\order-service\order-application\target\order-application-1.0-SNAPSHOT.jar;C:\Users\SpaceX\.m2\repository\org\springframework\boot\spring-boot-starter-web\3.1.5\spring-boot-starter-web-3.1.5.jar;C:\Users\SpaceX\.m2\repository\org\springframework\boot\spring-boot-starter-tomcat\3.1.5\spring-boot-starter-tomcat-3.1.5.jar;C:\Users\SpaceX\.m2\repository\org\apache\tomcat\embed\tomcat-embed-core\10.1.15\tomcat-embed-core-10.1.15.jar;C:\Users\SpaceX\.m2\repository\org\apache\tomcat\embed\tomcat-embed-websocket\10.1.15\tomcat-embed-websocket-10.1.15.jar;C:\Users\SpaceX\.m2\repository\org\springframework\spring-webmvc\6.0.13\spring-webmvc-6.0.13.jar;C:\Users\SpaceX\.m2\repository\org\springframework\spring-aop\6.0.13\spring-aop-6.0.13.jar;C:\Users\SpaceX\.m2\repository\org\springframework\spring-expression\6.0.13\spring-expression-6.0.13.jar;C:\Users\SpaceX\Desktop\microservices\food-ordering-system\common\common-application\target\common-application-1.0-SNAPSHOT.jar;C:\Users\SpaceX\Desktop\microservices\food-ordering-system\order-service\order-dataAccess\target\order-dataAccess-1.0-SNAPSHOT.jar;C:\Users\SpaceX\Desktop\microservices\food-ordering-system\common\common-dataacess\target\common-dataacess-1.0-SNAPSHOT.jar;C:\Users\SpaceX\.m2\repository\org\springframework\boot\spring-boot-starter-data-jpa\3.1.5\spring-boot-starter-data-jpa-3.1.5.jar;C:\Users\SpaceX\.m2\repository\org\springframework\boot\spring-boot-starter-aop\3.1.5\spring-boot-starter-aop-3.1.5.jar;C:\Users\SpaceX\.m2\repository\org\aspectj\aspectjweaver\1.9.20\aspectjweaver-1.9.20.jar;C:\Users\SpaceX\.m2\repository\org\springframework\boot\spring-boot-starter-jdbc\3.1.5\spring-boot-starter-jdbc-3.1.5.jar;C:\Users\SpaceX\.m2\repository\com\zaxxer\HikariCP\5.0.1\HikariCP-5.0.1.jar;C:\Users\SpaceX\.m2\repository\org\springframework\spring-jdbc\6.0.13\spring-jdbc-6.0.13.jar;C:\Users\SpaceX\.m2\repository\org\hibernate\orm\hibernate-core\6.2.13.Final\hibernate-core-6.2.13.Final.jar;C:\Users\SpaceX\.m2\repository\jakarta\persistence\jakarta.persistence-api\3.1.0\jakarta.persistence-api-3.1.0.jar;C:\Users\SpaceX\.m2\repository\jakarta\transaction\jakarta.transaction-api\2.0.1\jakarta.transaction-api-2.0.1.jar;C:\Users\SpaceX\.m2\repository\org\hibernate\common\hibernate-commons-annotations\6.0.6.Final\hibernate-commons-annotations-6.0.6.Final.jar;C:\Users\SpaceX\.m2\repository\io\smallrye\jandex\3.0.5\jandex-3.0.5.jar;C:\Users\SpaceX\.m2\repository\org\glassfish\jaxb\jaxb-runtime\4.0.3\jaxb-runtime-4.0.3.jar;C:\Users\SpaceX\.m2\repository\org\glassfish\jaxb\jaxb-core\4.0.3\jaxb-core-4.0.3.jar;C:\Users\SpaceX\.m2\repository\org\eclipse\angus\angus-activation\2.0.1\angus-activation-2.0.1.jar;C:\Users\SpaceX\.m2\repository\org\glassfish\jaxb\txw2\4.0.3\txw2-4.0.3.jar;C:\Users\SpaceX\.m2\repository\com\sun\istack\istack-commons-runtime\4.1.2\istack-commons-runtime-4.1.2.jar;C:\Users\SpaceX\.m2\repository\jakarta\inject\jakarta.inject-api\2.0.1\jakarta.inject-api-2.0.1.jar;C:\Users\SpaceX\.m2\repository\org\antlr\antlr4-runtime\4.10.1\antlr4-runtime-4.10.1.jar;C:\Users\SpaceX\.m2\repository\org\springframework\data\spring-data-jpa\3.1.5\spring-data-jpa-3.1.5.jar;C:\Users\SpaceX\.m2\repository\org\springframework\data\spring-data-commons\3.1.5\spring-data-commons-3.1.5.jar;C:\Users\SpaceX\.m2\repository\org\springframework\spring-orm\6.0.13\spring-orm-6.0.13.jar;C:\Users\SpaceX\.m2\repository\org\springframework\spring-aspects\6.0.13\spring-aspects-6.0.13.jar;C:\Users\SpaceX\.m2\repository\org\postgresql\postgresql\42.6.0\postgresql-42.6.0.jar;C:\Users\SpaceX\.m2\repository\org\checkerframework\checker-qual\3.31.0\checker-qual-3.31.0.jar;C:\Users\SpaceX\Desktop\microservices\food-ordering-system\order-service\order-messaging\target\order-messaging-1.0-SNAPSHOT.jar;C:\Users\SpaceX\Desktop\microservices\food-ordering-system\infrastructure2\kafka\kafka-producer\target\kafka-producer-1.0-SNAPSHOT.jar;C:\Users\SpaceX\Desktop\microservices\food-ordering-system\infrastructure2\kafka\kafka-config-data7\target\kafka-config-data7-1.0-SNAPSHOT.jar;C:\Users\SpaceX\.m2\repository\org\springframework\kafka\spring-kafka\3.0.12\spring-kafka-3.0.12.jar;C:\Users\SpaceX\.m2\repository\org\springframework\spring-messaging\6.0.13\spring-messaging-6.0.13.jar;C:\Users\SpaceX\.m2\repository\org\springframework\retry\spring-retry\2.0.4\spring-retry-2.0.4.jar;C:\Users\SpaceX\.m2\repository\org\apache\kafka\kafka-clients\3.4.1\kafka-clients-3.4.1.jar;C:\Users\SpaceX\.m2\repository\com\github\luben\zstd-jni\1.5.2-1\zstd-jni-1.5.2-1.jar;C:\Users\SpaceX\.m2\repository\org\lz4\lz4-java\1.8.0\lz4-java-1.8.0.jar;C:\Users\SpaceX\.m2\repository\org\xerial\snappy\snappy-java\1.1.8.4\snappy-java-1.1.8.4.jar;C:\Users\SpaceX\.m2\repository\com\google\code\findbugs\jsr305\3.0.2\jsr305-3.0.2.jar;C:\Users\SpaceX\.m2\repository\io\confluent\kafka-avro-serializer\7.5.1\kafka-avro-serializer-7.5.1.jar;C:\Users\SpaceX\.m2\repository\org\apache\commons\commons-compress\1.21\commons-compress-1.21.jar;C:\Users\SpaceX\.m2\repository\io\confluent\kafka-schema-serializer\7.5.1\kafka-schema-serializer-7.5.1.jar;C:\Users\SpaceX\.m2\repository\io\confluent\kafka-schema-registry-client\7.5.1\kafka-schema-registry-client-7.5.1.jar;C:\Users\SpaceX\.m2\repository\io\swagger\core\v3\swagger-annotations\2.1.10\swagger-annotations-2.1.10.jar;C:\Users\SpaceX\.m2\repository\com\google\guava\guava\32.0.1-jre\guava-32.0.1-jre.jar;C:\Users\SpaceX\.m2\repository\com\google\guava\failureaccess\1.0.1\failureaccess-1.0.1.jar;C:\Users\SpaceX\.m2\repository\com\google\guava\listenablefuture\9999.0-empty-to-avoid-conflict-with-guava\listenablefuture-9999.0-empty-to-avoid-conflict-with-guava.jar;C:\Users\SpaceX\.m2\repository\com\google\errorprone\error_prone_annotations\2.18.0\error_prone_annotations-2.18.0.jar;C:\Users\SpaceX\.m2\repository\com\google\j2objc\j2objc-annotations\2.8\j2objc-annotations-2.8.jar;C:\Users\SpaceX\.m2\repository\io\confluent\logredactor\1.0.12\logredactor-1.0.12.jar;C:\Users\SpaceX\.m2\repository\com\google\re2j\re2j\1.6\re2j-1.6.jar;C:\Users\SpaceX\.m2\repository\io\confluent\logredactor-metrics\1.0.12\logredactor-metrics-1.0.12.jar;C:\Users\SpaceX\.m2\repository\com\eclipsesource\minimal-json\minimal-json\0.9.5\minimal-json-0.9.5.jar;C:\Users\SpaceX\.m2\repository\io\confluent\common-utils\7.5.1\common-utils-7.5.1.jar;C:\Users\SpaceX\Desktop\microservices\food-ordering-system\infrastructure2\kafka\kafka-consumer\target\kafka-consumer-1.0-SNAPSHOT.jar;C:\Users\SpaceX\.m2\repository\org\apache\avro\avro\1.11.3\avro-1.11.3.jar;C:\Users\SpaceX\Desktop\microservices\food-ordering-system\infrastructure2\kafka\kafka-model\target\kafka-model-1.0-SNAPSHOT.jar;C:\Users\SpaceX\.m2\repository\org\springframework\boot\spring-boot-starter\3.1.5\spring-boot-starter-3.1.5.jar;C:\Users\SpaceX\.m2\repository\org\springframework\boot\spring-boot\3.1.5\spring-boot-3.1.5.jar;C:\Users\SpaceX\.m2\repository\org\springframework\spring-context\6.0.13\spring-context-6.0.13.jar;C:\Users\SpaceX\.m2\repository\org\springframework\boot\spring-boot-autoconfigure\3.1.5\spring-boot-autoconfigure-3.1.5.jar;C:\Users\SpaceX\.m2\repository\jakarta\annotation\jakarta.annotation-api\2.1.1\jakarta.annotation-api-2.1.1.jar;C:\Users\SpaceX\.m2\repository\org\springframework\spring-core\6.0.13\spring-core-6.0.13.jar;C:\Users\SpaceX\.m2\repository\org\springframework\spring-jcl\6.0.13\spring-jcl-6.0.13.jar;C:\Users\SpaceX\.m2\repository\org\yaml\snakeyaml\1.33\snakeyaml-1.33.jar;C:\Users\SpaceX\.m2\repository\org\springframework\boot\spring-boot-starter-test\3.1.5\spring-boot-starter-test-3.1.5.jar;C:\Users\SpaceX\.m2\repository\org\springframework\boot\spring-boot-test\3.1.5\spring-boot-test-3.1.5.jar;C:\Users\SpaceX\.m2\repository\org\springframework\boot\spring-boot-test-autoconfigure\3.1.5\spring-boot-test-autoconfigure-3.1.5.jar;C:\Users\SpaceX\.m2\repository\com\jayway\jsonpath\json-path\2.8.0\json-path-2.8.0.jar;C:\Users\SpaceX\.m2\repository\org\slf4j\slf4j-api\2.0.9\slf4j-api-2.0.9.jar;C:\Users\SpaceX\.m2\repository\jakarta\xml\bind\jakarta.xml.bind-api\4.0.1\jakarta.xml.bind-api-4.0.1.jar;C:\Users\SpaceX\.m2\repository\jakarta\activation\jakarta.activation-api\2.1.2\jakarta.activation-api-2.1.2.jar;C:\Users\SpaceX\.m2\repository\net\minidev\json-smart\2.4.11\json-smart-2.4.11.jar;C:\Users\SpaceX\.m2\repository\net\minidev\accessors-smart\2.4.11\accessors-smart-2.4.11.jar;C:\Users\SpaceX\.m2\repository\org\ow2\asm\asm\9.3\asm-9.3.jar;C:\Users\SpaceX\.m2\repository\org\assertj\assertj-core\3.24.2\assertj-core-3.24.2.jar;C:\Users\SpaceX\.m2\repository\net\bytebuddy\byte-buddy\1.14.9\byte-buddy-1.14.9.jar;C:\Users\SpaceX\.m2\repository\org\hamcrest\hamcrest\2.2\hamcrest-2.2.jar;C:\Users\SpaceX\.m2\repository\org\junit\jupiter\junit-jupiter\5.9.3\junit-jupiter-5.9.3.jar;C:\Users\SpaceX\.m2\repository\org\junit\jupiter\junit-jupiter-api\5.9.3\junit-jupiter-api-5.9.3.jar;C:\Users\SpaceX\.m2\repository\org\opentest4j\opentest4j\1.2.0\opentest4j-1.2.0.jar;C:\Users\SpaceX\.m2\repository\org\junit\platform\junit-platform-commons\1.9.3\junit-platform-commons-1.9.3.jar;C:\Users\SpaceX\.m2\repository\org\apiguardian\apiguardian-api\1.1.2\apiguardian-api-1.1.2.jar;C:\Users\SpaceX\.m2\repository\org\junit\jupiter\junit-jupiter-params\5.9.3\junit-jupiter-params-5.9.3.jar;C:\Users\SpaceX\.m2\repository\org\junit\jupiter\junit-jupiter-engine\5.9.3\junit-jupiter-engine-5.9.3.jar;C:\Users\SpaceX\.m2\repository\org\junit\platform\junit-platform-engine\1.9.3\junit-platform-engine-1.9.3.jar;C:\Users\SpaceX\.m2\repository\org\mockito\mockito-core\3.1.0\mockito-core-3.1.0.jar;C:\Users\SpaceX\.m2\repository\net\bytebuddy\byte-buddy-agent\1.14.9\byte-buddy-agent-1.14.9.jar;C:\Users\SpaceX\.m2\repository\org\objenesis\objenesis\2.6\objenesis-2.6.jar;C:\Users\SpaceX\.m2\repository\org\mockito\mockito-junit-jupiter\5.3.1\mockito-junit-jupiter-5.3.1.jar;C:\Users\SpaceX\.m2\repository\org\skyscreamer\jsonassert\1.5.1\jsonassert-1.5.1.jar;C:\Users\SpaceX\.m2\repository\com\vaadin\external\google\android-json\0.0.20131108.vaadin1\android-json-0.0.20131108.vaadin1.jar;C:\Users\SpaceX\.m2\repository\org\springframework\spring-test\6.0.13\spring-test-6.0.13.jar;C:\Users\SpaceX\.m2\repository\org\xmlunit\xmlunit-core\2.9.1\xmlunit-core-2.9.1.jar;C:\Users\SpaceX\.m2\repository\org\projectlombok\lombok\1.18.30\lombok-1.18.30.jar;C:\Users\SpaceX\.m2\repository\org\springframework\boot\spring-boot-starter-logging\3.1.5\spring-boot-starter-logging-3.1.5.jar;C:\Users\SpaceX\.m2\repository\ch\qos\logback\logback-classic\1.4.11\logback-classic-1.4.11.jar;C:\Users\SpaceX\.m2\repository\ch\qos\logback\logback-core\1.4.11\logback-core-1.4.11.jar;C:\Users\SpaceX\.m2\repository\org\apache\logging\log4j\log4j-to-slf4j\2.20.0\log4j-to-slf4j-2.20.0.jar;C:\Users\SpaceX\.m2\repository\org\apache\logging\log4j\log4j-api\2.20.0\log4j-api-2.20.0.jar;C:\Users\SpaceX\.m2\repository\org\slf4j\jul-to-slf4j\2.0.9\jul-to-slf4j-2.0.9.jar;"/>
    <property name="java.vm.vendor" value="Oracle Corporation"/>
    <property name="sun.arch.data.model" value="64"/>
    <property name="user.variant" value=""/>
    <property name="java.vendor.url" value="https://java.oracle.com/"/>
    <property name="user.timezone" value="Europe/Warsaw"/>
    <property name="org.jboss.logging.provider" value="slf4j"/>
    <property name="os.name" value="Windows 11"/>
    <property name="java.vm.specification.version" value="17"/>
    <property name="sun.java.launcher" value="SUN_STANDARD"/>
    <property name="user.country" value="RU"/>
    <property name="sun.boot.library.path" value="C:\Program Files\Java\jdk-17.0.9\bin"/>
    <property name="sun.java.command" value="C:\Users\SpaceX\AppData\Local\Temp\surefire8512078355770552509\surefirebooter-20240201121655247_8.jar C:\Users\SpaceX\AppData\Local\Temp\surefire8512078355770552509 2024-02-01T12-15-49_112-jvmRun1 surefire-20240201121655247_6tmp surefire_1-20240201121655247_7tmp"/>
    <property name="jdk.debug" value="release"/>
    <property name="surefire.test.class.path" value="C:\Users\SpaceX\Desktop\microservices\food-ordering-system\order-service\order-container\target\test-classes;C:\Users\SpaceX\Desktop\microservices\food-ordering-system\order-service\order-container\target\classes;C:\Users\SpaceX\Desktop\microservices\food-ordering-system\order-service\order-domain\order-domain-core\target\order-domain-core-1.0-SNAPSHOT.jar;C:\Users\SpaceX\Desktop\microservices\food-ordering-system\common\common-domain\target\common-domain-1.0-SNAPSHOT.jar;C:\Users\SpaceX\Desktop\microservices\food-ordering-system\order-service\order-domain\order-application-service\target\order-application-service-1.0-SNAPSHOT.jar;C:\Users\SpaceX\.m2\repository\org\springframework\boot\spring-boot-starter-validation\3.1.5\spring-boot-starter-validation-3.1.5.jar;C:\Users\SpaceX\.m2\repository\org\apache\tomcat\embed\tomcat-embed-el\10.1.15\tomcat-embed-el-10.1.15.jar;C:\Users\SpaceX\.m2\repository\org\hibernate\validator\hibernate-validator\8.0.1.Final\hibernate-validator-8.0.1.Final.jar;C:\Users\SpaceX\.m2\repository\jakarta\validation\jakarta.validation-api\3.0.2\jakarta.validation-api-3.0.2.jar;C:\Users\SpaceX\.m2\repository\org\jboss\logging\jboss-logging\3.5.3.Final\jboss-logging-3.5.3.Final.jar;C:\Users\SpaceX\.m2\repository\com\fasterxml\classmate\1.5.1\classmate-1.5.1.jar;C:\Users\SpaceX\.m2\repository\org\springframework\spring-tx\6.0.13\spring-tx-6.0.13.jar;C:\Users\SpaceX\.m2\repository\org\springframework\spring-beans\6.0.13\spring-beans-6.0.13.jar;C:\Users\SpaceX\Desktop\microservices\food-ordering-system\infrastructure2\saga\target\saga-1.0-SNAPSHOT.jar;C:\Users\SpaceX\Desktop\microservices\food-ordering-system\infrastructure2\outbox\target\outbox-1.0-SNAPSHOT.jar;C:\Users\SpaceX\.m2\repository\org\springframework\boot\spring-boot-starter-json\3.1.5\spring-boot-starter-json-3.1.5.jar;C:\Users\SpaceX\.m2\repository\org\springframework\spring-web\6.0.13\spring-web-6.0.13.jar;C:\Users\SpaceX\.m2\repository\io\micrometer\micrometer-observation\1.11.5\micrometer-observation-1.11.5.jar;C:\Users\SpaceX\.m2\repository\io\micrometer\micrometer-commons\1.11.5\micrometer-commons-1.11.5.jar;C:\Users\SpaceX\.m2\repository\com\fasterxml\jackson\core\jackson-databind\2.15.3\jackson-databind-2.15.3.jar;C:\Users\SpaceX\.m2\repository\com\fasterxml\jackson\core\jackson-annotations\2.15.3\jackson-annotations-2.15.3.jar;C:\Users\SpaceX\.m2\repository\com\fasterxml\jackson\core\jackson-core\2.15.3\jackson-core-2.15.3.jar;C:\Users\SpaceX\.m2\repository\com\fasterxml\jackson\datatype\jackson-datatype-jdk8\2.15.3\jackson-datatype-jdk8-2.15.3.jar;C:\Users\SpaceX\.m2\repository\com\fasterxml\jackson\datatype\jackson-datatype-jsr310\2.15.3\jackson-datatype-jsr310-2.15.3.jar;C:\Users\SpaceX\.m2\repository\com\fasterxml\jackson\module\jackson-module-parameter-names\2.15.3\jackson-module-parameter-names-2.15.3.jar;C:\Users\SpaceX\.m2\repository\org\javassist\javassist\3.23.1-GA\javassist-3.23.1-GA.jar;C:\Users\SpaceX\Desktop\microservices\food-ordering-system\order-service\order-application\target\order-application-1.0-SNAPSHOT.jar;C:\Users\SpaceX\.m2\repository\org\springframework\boot\spring-boot-starter-web\3.1.5\spring-boot-starter-web-3.1.5.jar;C:\Users\SpaceX\.m2\repository\org\springframework\boot\spring-boot-starter-tomcat\3.1.5\spring-boot-starter-tomcat-3.1.5.jar;C:\Users\SpaceX\.m2\repository\org\apache\tomcat\embed\tomcat-embed-core\10.1.15\tomcat-embed-core-10.1.15.jar;C:\Users\SpaceX\.m2\repository\org\apache\tomcat\embed\tomcat-embed-websocket\10.1.15\tomcat-embed-websocket-10.1.15.jar;C:\Users\SpaceX\.m2\repository\org\springframework\spring-webmvc\6.0.13\spring-webmvc-6.0.13.jar;C:\Users\SpaceX\.m2\repository\org\springframework\spring-aop\6.0.13\spring-aop-6.0.13.jar;C:\Users\SpaceX\.m2\repository\org\springframework\spring-expression\6.0.13\spring-expression-6.0.13.jar;C:\Users\SpaceX\Desktop\microservices\food-ordering-system\common\common-application\target\common-application-1.0-SNAPSHOT.jar;C:\Users\SpaceX\Desktop\microservices\food-ordering-system\order-service\order-dataAccess\target\order-dataAccess-1.0-SNAPSHOT.jar;C:\Users\SpaceX\Desktop\microservices\food-ordering-system\common\common-dataacess\target\common-dataacess-1.0-SNAPSHOT.jar;C:\Users\SpaceX\.m2\repository\org\springframework\boot\spring-boot-starter-data-jpa\3.1.5\spring-boot-starter-data-jpa-3.1.5.jar;C:\Users\SpaceX\.m2\repository\org\springframework\boot\spring-boot-starter-aop\3.1.5\spring-boot-starter-aop-3.1.5.jar;C:\Users\SpaceX\.m2\repository\org\aspectj\aspectjweaver\1.9.20\aspectjweaver-1.9.20.jar;C:\Users\SpaceX\.m2\repository\org\springframework\boot\spring-boot-starter-jdbc\3.1.5\spring-boot-starter-jdbc-3.1.5.jar;C:\Users\SpaceX\.m2\repository\com\zaxxer\HikariCP\5.0.1\HikariCP-5.0.1.jar;C:\Users\SpaceX\.m2\repository\org\springframework\spring-jdbc\6.0.13\spring-jdbc-6.0.13.jar;C:\Users\SpaceX\.m2\repository\org\hibernate\orm\hibernate-core\6.2.13.Final\hibernate-core-6.2.13.Final.jar;C:\Users\SpaceX\.m2\repository\jakarta\persistence\jakarta.persistence-api\3.1.0\jakarta.persistence-api-3.1.0.jar;C:\Users\SpaceX\.m2\repository\jakarta\transaction\jakarta.transaction-api\2.0.1\jakarta.transaction-api-2.0.1.jar;C:\Users\SpaceX\.m2\repository\org\hibernate\common\hibernate-commons-annotations\6.0.6.Final\hibernate-commons-annotations-6.0.6.Final.jar;C:\Users\SpaceX\.m2\repository\io\smallrye\jandex\3.0.5\jandex-3.0.5.jar;C:\Users\SpaceX\.m2\repository\org\glassfish\jaxb\jaxb-runtime\4.0.3\jaxb-runtime-4.0.3.jar;C:\Users\SpaceX\.m2\repository\org\glassfish\jaxb\jaxb-core\4.0.3\jaxb-core-4.0.3.jar;C:\Users\SpaceX\.m2\repository\org\eclipse\angus\angus-activation\2.0.1\angus-activation-2.0.1.jar;C:\Users\SpaceX\.m2\repository\org\glassfish\jaxb\txw2\4.0.3\txw2-4.0.3.jar;C:\Users\SpaceX\.m2\repository\com\sun\istack\istack-commons-runtime\4.1.2\istack-commons-runtime-4.1.2.jar;C:\Users\SpaceX\.m2\repository\jakarta\inject\jakarta.inject-api\2.0.1\jakarta.inject-api-2.0.1.jar;C:\Users\SpaceX\.m2\repository\org\antlr\antlr4-runtime\4.10.1\antlr4-runtime-4.10.1.jar;C:\Users\SpaceX\.m2\repository\org\springframework\data\spring-data-jpa\3.1.5\spring-data-jpa-3.1.5.jar;C:\Users\SpaceX\.m2\repository\org\springframework\data\spring-data-commons\3.1.5\spring-data-commons-3.1.5.jar;C:\Users\SpaceX\.m2\repository\org\springframework\spring-orm\6.0.13\spring-orm-6.0.13.jar;C:\Users\SpaceX\.m2\repository\org\springframework\spring-aspects\6.0.13\spring-aspects-6.0.13.jar;C:\Users\SpaceX\.m2\repository\org\postgresql\postgresql\42.6.0\postgresql-42.6.0.jar;C:\Users\SpaceX\.m2\repository\org\checkerframework\checker-qual\3.31.0\checker-qual-3.31.0.jar;C:\Users\SpaceX\Desktop\microservices\food-ordering-system\order-service\order-messaging\target\order-messaging-1.0-SNAPSHOT.jar;C:\Users\SpaceX\Desktop\microservices\food-ordering-system\infrastructure2\kafka\kafka-producer\target\kafka-producer-1.0-SNAPSHOT.jar;C:\Users\SpaceX\Desktop\microservices\food-ordering-system\infrastructure2\kafka\kafka-config-data7\target\kafka-config-data7-1.0-SNAPSHOT.jar;C:\Users\SpaceX\.m2\repository\org\springframework\kafka\spring-kafka\3.0.12\spring-kafka-3.0.12.jar;C:\Users\SpaceX\.m2\repository\org\springframework\spring-messaging\6.0.13\spring-messaging-6.0.13.jar;C:\Users\SpaceX\.m2\repository\org\springframework\retry\spring-retry\2.0.4\spring-retry-2.0.4.jar;C:\Users\SpaceX\.m2\repository\org\apache\kafka\kafka-clients\3.4.1\kafka-clients-3.4.1.jar;C:\Users\SpaceX\.m2\repository\com\github\luben\zstd-jni\1.5.2-1\zstd-jni-1.5.2-1.jar;C:\Users\SpaceX\.m2\repository\org\lz4\lz4-java\1.8.0\lz4-java-1.8.0.jar;C:\Users\SpaceX\.m2\repository\org\xerial\snappy\snappy-java\1.1.8.4\snappy-java-1.1.8.4.jar;C:\Users\SpaceX\.m2\repository\com\google\code\findbugs\jsr305\3.0.2\jsr305-3.0.2.jar;C:\Users\SpaceX\.m2\repository\io\confluent\kafka-avro-serializer\7.5.1\kafka-avro-serializer-7.5.1.jar;C:\Users\SpaceX\.m2\repository\org\apache\commons\commons-compress\1.21\commons-compress-1.21.jar;C:\Users\SpaceX\.m2\repository\io\confluent\kafka-schema-serializer\7.5.1\kafka-schema-serializer-7.5.1.jar;C:\Users\SpaceX\.m2\repository\io\confluent\kafka-schema-registry-client\7.5.1\kafka-schema-registry-client-7.5.1.jar;C:\Users\SpaceX\.m2\repository\io\swagger\core\v3\swagger-annotations\2.1.10\swagger-annotations-2.1.10.jar;C:\Users\SpaceX\.m2\repository\com\google\guava\guava\32.0.1-jre\guava-32.0.1-jre.jar;C:\Users\SpaceX\.m2\repository\com\google\guava\failureaccess\1.0.1\failureaccess-1.0.1.jar;C:\Users\SpaceX\.m2\repository\com\google\guava\listenablefuture\9999.0-empty-to-avoid-conflict-with-guava\listenablefuture-9999.0-empty-to-avoid-conflict-with-guava.jar;C:\Users\SpaceX\.m2\repository\com\google\errorprone\error_prone_annotations\2.18.0\error_prone_annotations-2.18.0.jar;C:\Users\SpaceX\.m2\repository\com\google\j2objc\j2objc-annotations\2.8\j2objc-annotations-2.8.jar;C:\Users\SpaceX\.m2\repository\io\confluent\logredactor\1.0.12\logredactor-1.0.12.jar;C:\Users\SpaceX\.m2\repository\com\google\re2j\re2j\1.6\re2j-1.6.jar;C:\Users\SpaceX\.m2\repository\io\confluent\logredactor-metrics\1.0.12\logredactor-metrics-1.0.12.jar;C:\Users\SpaceX\.m2\repository\com\eclipsesource\minimal-json\minimal-json\0.9.5\minimal-json-0.9.5.jar;C:\Users\SpaceX\.m2\repository\io\confluent\common-utils\7.5.1\common-utils-7.5.1.jar;C:\Users\SpaceX\Desktop\microservices\food-ordering-system\infrastructure2\kafka\kafka-consumer\target\kafka-consumer-1.0-SNAPSHOT.jar;C:\Users\SpaceX\.m2\repository\org\apache\avro\avro\1.11.3\avro-1.11.3.jar;C:\Users\SpaceX\Desktop\microservices\food-ordering-system\infrastructure2\kafka\kafka-model\target\kafka-model-1.0-SNAPSHOT.jar;C:\Users\SpaceX\.m2\repository\org\springframework\boot\spring-boot-starter\3.1.5\spring-boot-starter-3.1.5.jar;C:\Users\SpaceX\.m2\repository\org\springframework\boot\spring-boot\3.1.5\spring-boot-3.1.5.jar;C:\Users\SpaceX\.m2\repository\org\springframework\spring-context\6.0.13\spring-context-6.0.13.jar;C:\Users\SpaceX\.m2\repository\org\springframework\boot\spring-boot-autoconfigure\3.1.5\spring-boot-autoconfigure-3.1.5.jar;C:\Users\SpaceX\.m2\repository\jakarta\annotation\jakarta.annotation-api\2.1.1\jakarta.annotation-api-2.1.1.jar;C:\Users\SpaceX\.m2\repository\org\springframework\spring-core\6.0.13\spring-core-6.0.13.jar;C:\Users\SpaceX\.m2\repository\org\springframework\spring-jcl\6.0.13\spring-jcl-6.0.13.jar;C:\Users\SpaceX\.m2\repository\org\yaml\snakeyaml\1.33\snakeyaml-1.33.jar;C:\Users\SpaceX\.m2\repository\org\springframework\boot\spring-boot-starter-test\3.1.5\spring-boot-starter-test-3.1.5.jar;C:\Users\SpaceX\.m2\repository\org\springframework\boot\spring-boot-test\3.1.5\spring-boot-test-3.1.5.jar;C:\Users\SpaceX\.m2\repository\org\springframework\boot\spring-boot-test-autoconfigure\3.1.5\spring-boot-test-autoconfigure-3.1.5.jar;C:\Users\SpaceX\.m2\repository\com\jayway\jsonpath\json-path\2.8.0\json-path-2.8.0.jar;C:\Users\SpaceX\.m2\repository\org\slf4j\slf4j-api\2.0.9\slf4j-api-2.0.9.jar;C:\Users\SpaceX\.m2\repository\jakarta\xml\bind\jakarta.xml.bind-api\4.0.1\jakarta.xml.bind-api-4.0.1.jar;C:\Users\SpaceX\.m2\repository\jakarta\activation\jakarta.activation-api\2.1.2\jakarta.activation-api-2.1.2.jar;C:\Users\SpaceX\.m2\repository\net\minidev\json-smart\2.4.11\json-smart-2.4.11.jar;C:\Users\SpaceX\.m2\repository\net\minidev\accessors-smart\2.4.11\accessors-smart-2.4.11.jar;C:\Users\SpaceX\.m2\repository\org\ow2\asm\asm\9.3\asm-9.3.jar;C:\Users\SpaceX\.m2\repository\org\assertj\assertj-core\3.24.2\assertj-core-3.24.2.jar;C:\Users\SpaceX\.m2\repository\net\bytebuddy\byte-buddy\1.14.9\byte-buddy-1.14.9.jar;C:\Users\SpaceX\.m2\repository\org\hamcrest\hamcrest\2.2\hamcrest-2.2.jar;C:\Users\SpaceX\.m2\repository\org\junit\jupiter\junit-jupiter\5.9.3\junit-jupiter-5.9.3.jar;C:\Users\SpaceX\.m2\repository\org\junit\jupiter\junit-jupiter-api\5.9.3\junit-jupiter-api-5.9.3.jar;C:\Users\SpaceX\.m2\repository\org\opentest4j\opentest4j\1.2.0\opentest4j-1.2.0.jar;C:\Users\SpaceX\.m2\repository\org\junit\platform\junit-platform-commons\1.9.3\junit-platform-commons-1.9.3.jar;C:\Users\SpaceX\.m2\repository\org\apiguardian\apiguardian-api\1.1.2\apiguardian-api-1.1.2.jar;C:\Users\SpaceX\.m2\repository\org\junit\jupiter\junit-jupiter-params\5.9.3\junit-jupiter-params-5.9.3.jar;C:\Users\SpaceX\.m2\repository\org\junit\jupiter\junit-jupiter-engine\5.9.3\junit-jupiter-engine-5.9.3.jar;C:\Users\SpaceX\.m2\repository\org\junit\platform\junit-platform-engine\1.9.3\junit-platform-engine-1.9.3.jar;C:\Users\SpaceX\.m2\repository\org\mockito\mockito-core\3.1.0\mockito-core-3.1.0.jar;C:\Users\SpaceX\.m2\repository\net\bytebuddy\byte-buddy-agent\1.14.9\byte-buddy-agent-1.14.9.jar;C:\Users\SpaceX\.m2\repository\org\objenesis\objenesis\2.6\objenesis-2.6.jar;C:\Users\SpaceX\.m2\repository\org\mockito\mockito-junit-jupiter\5.3.1\mockito-junit-jupiter-5.3.1.jar;C:\Users\SpaceX\.m2\repository\org\skyscreamer\jsonassert\1.5.1\jsonassert-1.5.1.jar;C:\Users\SpaceX\.m2\repository\com\vaadin\external\google\android-json\0.0.20131108.vaadin1\android-json-0.0.20131108.vaadin1.jar;C:\Users\SpaceX\.m2\repository\org\springframework\spring-test\6.0.13\spring-test-6.0.13.jar;C:\Users\SpaceX\.m2\repository\org\xmlunit\xmlunit-core\2.9.1\xmlunit-core-2.9.1.jar;C:\Users\SpaceX\.m2\repository\org\projectlombok\lombok\1.18.30\lombok-1.18.30.jar;C:\Users\SpaceX\.m2\repository\org\springframework\boot\spring-boot-starter-logging\3.1.5\spring-boot-starter-logging-3.1.5.jar;C:\Users\SpaceX\.m2\repository\ch\qos\logback\logback-classic\1.4.11\logback-classic-1.4.11.jar;C:\Users\SpaceX\.m2\repository\ch\qos\logback\logback-core\1.4.11\logback-core-1.4.11.jar;C:\Users\SpaceX\.m2\repository\org\apache\logging\log4j\log4j-to-slf4j\2.20.0\log4j-to-slf4j-2.20.0.jar;C:\Users\SpaceX\.m2\repository\org\apache\logging\log4j\log4j-api\2.20.0\log4j-api-2.20.0.jar;C:\Users\SpaceX\.m2\repository\org\slf4j\jul-to-slf4j\2.0.9\jul-to-slf4j-2.0.9.jar;"/>
    <property name="sun.cpu.endian" value="little"/>
    <property name="user.home" value="C:\Users\SpaceX"/>
    <property name="user.language" value="ru"/>
    <property name="java.specification.vendor" value="Oracle Corporation"/>
    <property name="java.version.date" value="2023-10-17"/>
    <property name="java.home" value="C:\Program Files\Java\jdk-17.0.9"/>
    <property name="file.separator" value="\"/>
    <property name="basedir" value="C:\Users\SpaceX\Desktop\microservices\food-ordering-system\order-service\order-container"/>
    <property name="java.vm.compressedOopsMode" value="32-bit"/>
    <property name="line.separator" value="&#10;"/>
    <property name="java.vm.specification.vendor" value="Oracle Corporation"/>
    <property name="java.specification.name" value="Java Platform API Specification"/>
    <property name="FILE_LOG_CHARSET" value="windows-1251"/>
    <property name="java.awt.headless" value="true"/>
    <property name="surefire.real.class.path" value="C:\Users\SpaceX\AppData\Local\Temp\surefire8512078355770552509\surefirebooter-20240201121655247_8.jar"/>
    <property name="user.script" value=""/>
    <property name="sun.management.compiler" value="HotSpot 64-Bit Tiered Compilers"/>
    <property name="java.runtime.version" value="17.0.9+11-LTS-201"/>
    <property name="user.name" value="SpaceX"/>
    <property name="path.separator" value=";"/>
    <property name="os.version" value="10.0"/>
    <property name="java.runtime.name" value="Java(TM) SE Runtime Environment"/>
    <property name="file.encoding" value="Cp1251"/>
    <property name="java.vm.name" value="Java HotSpot(TM) 64-Bit Server VM"/>
    <property name="localRepository" value="C:\Users\SpaceX\.m2\repository"/>
    <property name="java.vendor.url.bug" value="https://bugreport.java.com/bugreport/"/>
    <property name="java.io.tmpdir" value="C:\Users\SpaceX\AppData\Local\Temp\"/>
    <property name="com.zaxxer.hikari.pool_number" value="1"/>
    <property name="java.version" value="17.0.9"/>
    <property name="user.dir" value="C:\Users\SpaceX\Desktop\microservices\food-ordering-system\order-service\order-container"/>
    <property name="os.arch" value="amd64"/>
    <property name="java.vm.specification.name" value="Java Virtual Machine Specification"/>
    <property name="PID" value="5448"/>
    <property name="sun.os.patch.level" value=""/>
    <property name="CONSOLE_LOG_CHARSET" value="windows-1251"/>
    <property name="native.encoding" value="Cp1251"/>
    <property name="java.library.path" value="C:\Program Files\Java\jdk-17.0.9\bin;C:\WINDOWS\Sun\Java\bin;C:\WINDOWS\system32;C:\WINDOWS;C:\Program Files\Java\jdk-18\bin;C:\Program Files\dotnet\;C:\Program Files\nodejs\;C:\src\flutter\bin;C:\Windows\System32;C:\Windows\System32\WindowsPowerShell\v1.0;C:\Program Files\Git\cmd;C:\Program Files\Java\jdk-17.0.9\bin;%ANDROID_HOME%\platform-tools;C:\Android\platform-tools;C:\WINDOWS\system32;C:\WINDOWS;C:\WINDOWS\System32\Wbem;C:\WINDOWS\System32\WindowsPowerShell\v1.0\;C:\WINDOWS\System32\OpenSSH\;C:\apache-maven-3.9.5-bin\apache-maven-3.9.5\bin;C:\Program Files\Graphviz\bin;C:\Program Files\Git LFS;C:\Program Files\Docker\Docker\resources\bin;C:\Program Files\MySQL\MySQL Shell 8.0\bin\;C:\Users\SpaceX\AppData\Local\Microsoft\WindowsApps;C:\Users\SpaceX\AppData\Local\Programs\Microsoft VS Code\bin;C:\Users\SpaceX\.dotnet\tools;C:\Program Files\Azure Data Studio\bin;C:\Users\SpaceX\AppData\Roaming\npm;C:\flutter\bin;C:\dart-sdk\bin;%ANDROID_HOME%\platform-tools;%ANDROID_HOME%\tools;C:\Users\SpaceX\AppData\Local\JetBrains\Toolbox\scripts;C:\Program Files\JetBrains\IntelliJ IDEA 2022.2\bin;;C:\Users\SpaceX\AppData\Local\Microsoft\WindowsApps;C:\Users\SpaceX\AppData\Local\GitHubDesktop\bin;."/>
    <property name="java.vm.info" value="mixed mode, sharing"/>
    <property name="java.vendor" value="Oracle Corporation"/>
    <property name="java.vm.version" value="17.0.9+11-LTS-201"/>
    <property name="sun.io.unicode.encoding" value="UnicodeLittle"/>
    <property name="java.class.version" value="61.0"/>
  </properties>
  <testcase name="testDoublePaymentWithLatch" classname="domain.OrderPaymentSagaTest" time="2.656">
    <system-out><![CDATA[
  .   ____          _            __ _ _
 /\\ / ___'_ __ _ _(_)_ __  __ _ \ \ \ \
( ( )\___ | '_ | '_| | '_ \/ _` | \ \ \ \
 \\/  ___)| |_)| | | | | || (_| |  ) ) ) )
  '  |____| .__|_| |_|_| |_\__, | / / / /
 =========|_|==============|___/=/_/_/_/
 :: Spring Boot ::                (v3.1.5)

2024-02-01T12:17:21.610+01:00  INFO 5448 --- [           main] domain.OrderPaymentSagaTest              : Starting OrderPaymentSagaTest using Java 17.0.9 with PID 5448 (started by SpaceX in C:\Users\SpaceX\Desktop\microservices\food-ordering-system\order-service\order-container)
2024-02-01T12:17:21.620+01:00  INFO 5448 --- [           main] domain.OrderPaymentSagaTest              : No active profile set, falling back to 1 default profile: "default"
2024-02-01T12:17:25.769+01:00  INFO 5448 --- [           main] .s.d.r.c.RepositoryConfigurationDelegate : Bootstrapping Spring Data JPA repositories in DEFAULT mode.
2024-02-01T12:17:26.178+01:00  INFO 5448 --- [           main] .s.d.r.c.RepositoryConfigurationDelegate : Finished Spring Data repository scanning in 375 ms. Found 5 JPA repository interfaces.
2024-02-01T12:17:41.074+01:00  INFO 5448 --- [           main] com.zaxxer.hikari.HikariDataSource       : HikariPool-1 - Starting...
2024-02-01T12:17:44.254+01:00  INFO 5448 --- [           main] com.zaxxer.hikari.pool.HikariPool        : HikariPool-1 - Added connection org.postgresql.jdbc.PgConnection@6b9c42bd
2024-02-01T12:17:44.261+01:00  INFO 5448 --- [           main] com.zaxxer.hikari.HikariDataSource       : HikariPool-1 - Start completed.
2024-02-01T12:17:44.992+01:00  INFO 5448 --- [           main] o.hibernate.jpa.internal.util.LogHelper  : HHH000204: Processing PersistenceUnitInfo [name: default]
2024-02-01T12:17:45.893+01:00  INFO 5448 --- [           main] org.hibernate.Version                    : HHH000412: Hibernate ORM core version 6.2.13.Final
2024-02-01T12:17:45.898+01:00  INFO 5448 --- [           main] org.hibernate.cfg.Environment            : HHH000406: Using bytecode reflection optimizer
2024-02-01T12:17:51.647+01:00  INFO 5448 --- [           main] o.s.o.j.p.SpringPersistenceUnitInfo      : No LoadTimeWeaver setup: ignoring JPA class transformer
2024-02-01T12:17:53.592+01:00  WARN 5448 --- [           main] org.hibernate.orm.deprecation            : HHH90000025: PostgreSQLDialect does not need to be specified explicitly using 'hibernate.dialect' (remove the property setting and it will be selected by default)
2024-02-01T12:17:56.332+01:00  INFO 5448 --- [           main] o.h.e.t.j.p.i.JtaPlatformInitiator       : HHH000489: No JTA platform available (set 'hibernate.transaction.jta.platform' to enable JTA platform integration)
2024-02-01T12:17:56.337+01:00  INFO 5448 --- [           main] j.LocalContainerEntityManagerFactoryBean : Initialized JPA EntityManagerFactory for persistence unit 'default'
2024-02-01T12:18:01.319+01:00  INFO 5448 --- [           main] o.a.k.clients.consumer.ConsumerConfig    : ConsumerConfig values: 
	allow.auto.create.topics = true
	auto.commit.interval.ms = 5000
	auto.include.jmx.reporter = true
	auto.offset.reset = earliest
	bootstrap.servers = [localhost:19092, localhost:29092, localhost:39092]
	check.crcs = true
	client.dns.lookup = use_all_dns_ips
	client.id = consumer-restaurant-approval-topic-consumer-1
	client.rack = 
	connections.max.idle.ms = 540000
	default.api.timeout.ms = 60000
	enable.auto.commit = false
	exclude.internal.topics = true
	fetch.max.bytes = 52428800
	fetch.max.wait.ms = 500
	fetch.min.bytes = 1
	group.id = restaurant-approval-topic-consumer
	group.instance.id = null
	heartbeat.interval.ms = 3000
	interceptor.classes = []
	internal.leave.group.on.close = true
	internal.throw.on.fetch.stable.offset.unsupported = false
	isolation.level = read_uncommitted
	key.deserializer = class org.apache.kafka.common.serialization.StringDeserializer
	max.partition.fetch.bytes = 1048576
	max.poll.interval.ms = 300000
	max.poll.records = 500
	metadata.max.age.ms = 300000
	metric.reporters = []
	metrics.num.samples = 2
	metrics.recording.level = INFO
	metrics.sample.window.ms = 30000
	partition.assignment.strategy = [class org.apache.kafka.clients.consumer.RangeAssignor, class org.apache.kafka.clients.consumer.CooperativeStickyAssignor]
	receive.buffer.bytes = 65536
	reconnect.backoff.max.ms = 1000
	reconnect.backoff.ms = 50
	request.timeout.ms = 30000
	retry.backoff.ms = 100
	sasl.client.callback.handler.class = null
	sasl.jaas.config = null
	sasl.kerberos.kinit.cmd = /usr/bin/kinit
	sasl.kerberos.min.time.before.relogin = 60000
	sasl.kerberos.service.name = null
	sasl.kerberos.ticket.renew.jitter = 0.05
	sasl.kerberos.ticket.renew.window.factor = 0.8
	sasl.login.callback.handler.class = null
	sasl.login.class = null
	sasl.login.connect.timeout.ms = null
	sasl.login.read.timeout.ms = null
	sasl.login.refresh.buffer.seconds = 300
	sasl.login.refresh.min.period.seconds = 60
	sasl.login.refresh.window.factor = 0.8
	sasl.login.refresh.window.jitter = 0.05
	sasl.login.retry.backoff.max.ms = 10000
	sasl.login.retry.backoff.ms = 100
	sasl.mechanism = GSSAPI
	sasl.oauthbearer.clock.skew.seconds = 30
	sasl.oauthbearer.expected.audience = null
	sasl.oauthbearer.expected.issuer = null
	sasl.oauthbearer.jwks.endpoint.refresh.ms = 3600000
	sasl.oauthbearer.jwks.endpoint.retry.backoff.max.ms = 10000
	sasl.oauthbearer.jwks.endpoint.retry.backoff.ms = 100
	sasl.oauthbearer.jwks.endpoint.url = null
	sasl.oauthbearer.scope.claim.name = scope
	sasl.oauthbearer.sub.claim.name = sub
	sasl.oauthbearer.token.endpoint.url = null
	security.protocol = PLAINTEXT
	security.providers = null
	send.buffer.bytes = 131072
	session.timeout.ms = 10000
	socket.connection.setup.timeout.max.ms = 30000
	socket.connection.setup.timeout.ms = 10000
	ssl.cipher.suites = null
	ssl.enabled.protocols = [TLSv1.2, TLSv1.3]
	ssl.endpoint.identification.algorithm = https
	ssl.engine.factory.class = null
	ssl.key.password = null
	ssl.keymanager.algorithm = SunX509
	ssl.keystore.certificate.chain = null
	ssl.keystore.key = null
	ssl.keystore.location = null
	ssl.keystore.password = null
	ssl.keystore.type = JKS
	ssl.protocol = TLSv1.3
	ssl.provider = null
	ssl.secure.random.implementation = null
	ssl.trustmanager.algorithm = PKIX
	ssl.truststore.certificates = null
	ssl.truststore.location = null
	ssl.truststore.password = null
	ssl.truststore.type = JKS
	value.deserializer = class io.confluent.kafka.serializers.KafkaAvroDeserializer

2024-02-01T12:18:01.721+01:00  INFO 5448 --- [           main] i.c.k.s.KafkaAvroDeserializerConfig      : KafkaAvroDeserializerConfig values: 
	auto.register.schemas = true
	avro.reflection.allow.null = false
	avro.use.logical.type.converters = false
	basic.auth.credentials.source = URL
	basic.auth.user.info = [hidden]
	bearer.auth.cache.expiry.buffer.seconds = 300
	bearer.auth.client.id = null
	bearer.auth.client.secret = null
	bearer.auth.credentials.source = STATIC_TOKEN
	bearer.auth.custom.provider.class = null
	bearer.auth.identity.pool.id = null
	bearer.auth.issuer.endpoint.url = null
	bearer.auth.logical.cluster = null
	bearer.auth.scope = null
	bearer.auth.scope.claim.name = scope
	bearer.auth.sub.claim.name = sub
	bearer.auth.token = [hidden]
	context.name.strategy = class io.confluent.kafka.serializers.context.NullContextNameStrategy
	http.connect.timeout.ms = 60000
	http.read.timeout.ms = 60000
	id.compatibility.strict = true
	key.subject.name.strategy = class io.confluent.kafka.serializers.subject.TopicNameStrategy
	latest.cache.size = 1000
	latest.cache.ttl.sec = -1
	latest.compatibility.strict = true
	max.schemas.per.subject = 1000
	normalize.schemas = false
	proxy.host = 
	proxy.port = -1
	rule.actions = []
	rule.executors = []
	rule.service.loader.enable = true
	schema.format = null
	schema.reflection = false
	schema.registry.basic.auth.user.info = [hidden]
	schema.registry.ssl.cipher.suites = null
	schema.registry.ssl.enabled.protocols = [TLSv1.2, TLSv1.3]
	schema.registry.ssl.endpoint.identification.algorithm = https
	schema.registry.ssl.engine.factory.class = null
	schema.registry.ssl.key.password = null
	schema.registry.ssl.keymanager.algorithm = SunX509
	schema.registry.ssl.keystore.certificate.chain = null
	schema.registry.ssl.keystore.key = null
	schema.registry.ssl.keystore.location = null
	schema.registry.ssl.keystore.password = null
	schema.registry.ssl.keystore.type = JKS
	schema.registry.ssl.protocol = TLSv1.3
	schema.registry.ssl.provider = null
	schema.registry.ssl.secure.random.implementation = null
	schema.registry.ssl.trustmanager.algorithm = PKIX
	schema.registry.ssl.truststore.certificates = null
	schema.registry.ssl.truststore.location = null
	schema.registry.ssl.truststore.password = null
	schema.registry.ssl.truststore.type = JKS
	schema.registry.url = [http://localhost:8081]
	specific.avro.key.type = null
	specific.avro.reader = true
	specific.avro.value.type = null
	use.latest.version = false
	use.latest.with.metadata = null
	use.schema.id = -1
	value.subject.name.strategy = class io.confluent.kafka.serializers.subject.TopicNameStrategy

2024-02-01T12:18:02.308+01:00  INFO 5448 --- [           main] o.a.kafka.common.utils.AppInfoParser     : Kafka version: 3.4.1
2024-02-01T12:18:02.308+01:00  INFO 5448 --- [           main] o.a.kafka.common.utils.AppInfoParser     : Kafka commitId: 8a516edc2755df89
2024-02-01T12:18:02.308+01:00  INFO 5448 --- [           main] o.a.kafka.common.utils.AppInfoParser     : Kafka startTimeMs: 1706786282304
2024-02-01T12:18:02.318+01:00  INFO 5448 --- [           main] o.a.k.clients.consumer.KafkaConsumer     : [Consumer clientId=consumer-restaurant-approval-topic-consumer-1, groupId=restaurant-approval-topic-consumer] Subscribed to topic(s): restaurant-approval-response
2024-02-01T12:18:02.334+01:00  INFO 5448 --- [           main] o.a.k.clients.consumer.ConsumerConfig    : ConsumerConfig values: 
	allow.auto.create.topics = true
	auto.commit.interval.ms = 5000
	auto.include.jmx.reporter = true
	auto.offset.reset = earliest
	bootstrap.servers = [localhost:19092, localhost:29092, localhost:39092]
	check.crcs = true
	client.dns.lookup = use_all_dns_ips
	client.id = consumer-payment-topic-consumer-2
	client.rack = 
	connections.max.idle.ms = 540000
	default.api.timeout.ms = 60000
	enable.auto.commit = false
	exclude.internal.topics = true
	fetch.max.bytes = 52428800
	fetch.max.wait.ms = 500
	fetch.min.bytes = 1
	group.id = payment-topic-consumer
	group.instance.id = null
	heartbeat.interval.ms = 3000
	interceptor.classes = []
	internal.leave.group.on.close = true
	internal.throw.on.fetch.stable.offset.unsupported = false
	isolation.level = read_uncommitted
	key.deserializer = class org.apache.kafka.common.serialization.StringDeserializer
	max.partition.fetch.bytes = 1048576
	max.poll.interval.ms = 300000
	max.poll.records = 500
	metadata.max.age.ms = 300000
	metric.reporters = []
	metrics.num.samples = 2
	metrics.recording.level = INFO
	metrics.sample.window.ms = 30000
	partition.assignment.strategy = [class org.apache.kafka.clients.consumer.RangeAssignor, class org.apache.kafka.clients.consumer.CooperativeStickyAssignor]
	receive.buffer.bytes = 65536
	reconnect.backoff.max.ms = 1000
	reconnect.backoff.ms = 50
	request.timeout.ms = 30000
	retry.backoff.ms = 100
	sasl.client.callback.handler.class = null
	sasl.jaas.config = null
	sasl.kerberos.kinit.cmd = /usr/bin/kinit
	sasl.kerberos.min.time.before.relogin = 60000
	sasl.kerberos.service.name = null
	sasl.kerberos.ticket.renew.jitter = 0.05
	sasl.kerberos.ticket.renew.window.factor = 0.8
	sasl.login.callback.handler.class = null
	sasl.login.class = null
	sasl.login.connect.timeout.ms = null
	sasl.login.read.timeout.ms = null
	sasl.login.refresh.buffer.seconds = 300
	sasl.login.refresh.min.period.seconds = 60
	sasl.login.refresh.window.factor = 0.8
	sasl.login.refresh.window.jitter = 0.05
	sasl.login.retry.backoff.max.ms = 10000
	sasl.login.retry.backoff.ms = 100
	sasl.mechanism = GSSAPI
	sasl.oauthbearer.clock.skew.seconds = 30
	sasl.oauthbearer.expected.audience = null
	sasl.oauthbearer.expected.issuer = null
	sasl.oauthbearer.jwks.endpoint.refresh.ms = 3600000
	sasl.oauthbearer.jwks.endpoint.retry.backoff.max.ms = 10000
	sasl.oauthbearer.jwks.endpoint.retry.backoff.ms = 100
	sasl.oauthbearer.jwks.endpoint.url = null
	sasl.oauthbearer.scope.claim.name = scope
	sasl.oauthbearer.sub.claim.name = sub
	sasl.oauthbearer.token.endpoint.url = null
	security.protocol = PLAINTEXT
	security.providers = null
	send.buffer.bytes = 131072
	session.timeout.ms = 10000
	socket.connection.setup.timeout.max.ms = 30000
	socket.connection.setup.timeout.ms = 10000
	ssl.cipher.suites = null
	ssl.enabled.protocols = [TLSv1.2, TLSv1.3]
	ssl.endpoint.identification.algorithm = https
	ssl.engine.factory.class = null
	ssl.key.password = null
	ssl.keymanager.algorithm = SunX509
	ssl.keystore.certificate.chain = null
	ssl.keystore.key = null
	ssl.keystore.location = null
	ssl.keystore.password = null
	ssl.keystore.type = JKS
	ssl.protocol = TLSv1.3
	ssl.provider = null
	ssl.secure.random.implementation = null
	ssl.trustmanager.algorithm = PKIX
	ssl.truststore.certificates = null
	ssl.truststore.location = null
	ssl.truststore.password = null
	ssl.truststore.type = JKS
	value.deserializer = class io.confluent.kafka.serializers.KafkaAvroDeserializer

2024-02-01T12:18:02.336+01:00  INFO 5448 --- [           main] i.c.k.s.KafkaAvroDeserializerConfig      : KafkaAvroDeserializerConfig values: 
	auto.register.schemas = true
	avro.reflection.allow.null = false
	avro.use.logical.type.converters = false
	basic.auth.credentials.source = URL
	basic.auth.user.info = [hidden]
	bearer.auth.cache.expiry.buffer.seconds = 300
	bearer.auth.client.id = null
	bearer.auth.client.secret = null
	bearer.auth.credentials.source = STATIC_TOKEN
	bearer.auth.custom.provider.class = null
	bearer.auth.identity.pool.id = null
	bearer.auth.issuer.endpoint.url = null
	bearer.auth.logical.cluster = null
	bearer.auth.scope = null
	bearer.auth.scope.claim.name = scope
	bearer.auth.sub.claim.name = sub
	bearer.auth.token = [hidden]
	context.name.strategy = class io.confluent.kafka.serializers.context.NullContextNameStrategy
	http.connect.timeout.ms = 60000
	http.read.timeout.ms = 60000
	id.compatibility.strict = true
	key.subject.name.strategy = class io.confluent.kafka.serializers.subject.TopicNameStrategy
	latest.cache.size = 1000
	latest.cache.ttl.sec = -1
	latest.compatibility.strict = true
	max.schemas.per.subject = 1000
	normalize.schemas = false
	proxy.host = 
	proxy.port = -1
	rule.actions = []
	rule.executors = []
	rule.service.loader.enable = true
	schema.format = null
	schema.reflection = false
	schema.registry.basic.auth.user.info = [hidden]
	schema.registry.ssl.cipher.suites = null
	schema.registry.ssl.enabled.protocols = [TLSv1.2, TLSv1.3]
	schema.registry.ssl.endpoint.identification.algorithm = https
	schema.registry.ssl.engine.factory.class = null
	schema.registry.ssl.key.password = null
	schema.registry.ssl.keymanager.algorithm = SunX509
	schema.registry.ssl.keystore.certificate.chain = null
	schema.registry.ssl.keystore.key = null
	schema.registry.ssl.keystore.location = null
	schema.registry.ssl.keystore.password = null
	schema.registry.ssl.keystore.type = JKS
	schema.registry.ssl.protocol = TLSv1.3
	schema.registry.ssl.provider = null
	schema.registry.ssl.secure.random.implementation = null
	schema.registry.ssl.trustmanager.algorithm = PKIX
	schema.registry.ssl.truststore.certificates = null
	schema.registry.ssl.truststore.location = null
	schema.registry.ssl.truststore.password = null
	schema.registry.ssl.truststore.type = JKS
	schema.registry.url = [http://localhost:8081]
	specific.avro.key.type = null
	specific.avro.reader = true
	specific.avro.value.type = null
	use.latest.version = false
	use.latest.with.metadata = null
	use.schema.id = -1
	value.subject.name.strategy = class io.confluent.kafka.serializers.subject.TopicNameStrategy

2024-02-01T12:18:02.364+01:00  INFO 5448 --- [           main] o.a.kafka.common.utils.AppInfoParser     : Kafka version: 3.4.1
2024-02-01T12:18:02.365+01:00  INFO 5448 --- [           main] o.a.kafka.common.utils.AppInfoParser     : Kafka commitId: 8a516edc2755df89
2024-02-01T12:18:02.365+01:00  INFO 5448 --- [           main] o.a.kafka.common.utils.AppInfoParser     : Kafka startTimeMs: 1706786282364
2024-02-01T12:18:02.366+01:00  INFO 5448 --- [           main] o.a.k.clients.consumer.KafkaConsumer     : [Consumer clientId=consumer-payment-topic-consumer-2, groupId=payment-topic-consumer] Subscribed to topic(s): payment-response
2024-02-01T12:18:02.370+01:00  INFO 5448 --- [           main] o.a.k.clients.consumer.ConsumerConfig    : ConsumerConfig values: 
	allow.auto.create.topics = true
	auto.commit.interval.ms = 5000
	auto.include.jmx.reporter = true
	auto.offset.reset = earliest
	bootstrap.servers = [localhost:19092, localhost:29092, localhost:39092]
	check.crcs = true
	client.dns.lookup = use_all_dns_ips
	client.id = consumer-customer-topic-consumer-3
	client.rack = 
	connections.max.idle.ms = 540000
	default.api.timeout.ms = 60000
	enable.auto.commit = false
	exclude.internal.topics = true
	fetch.max.bytes = 52428800
	fetch.max.wait.ms = 500
	fetch.min.bytes = 1
	group.id = customer-topic-consumer
	group.instance.id = null
	heartbeat.interval.ms = 3000
	interceptor.classes = []
	internal.leave.group.on.close = true
	internal.throw.on.fetch.stable.offset.unsupported = false
	isolation.level = read_uncommitted
	key.deserializer = class org.apache.kafka.common.serialization.StringDeserializer
	max.partition.fetch.bytes = 1048576
	max.poll.interval.ms = 300000
	max.poll.records = 500
	metadata.max.age.ms = 300000
	metric.reporters = []
	metrics.num.samples = 2
	metrics.recording.level = INFO
	metrics.sample.window.ms = 30000
	partition.assignment.strategy = [class org.apache.kafka.clients.consumer.RangeAssignor, class org.apache.kafka.clients.consumer.CooperativeStickyAssignor]
	receive.buffer.bytes = 65536
	reconnect.backoff.max.ms = 1000
	reconnect.backoff.ms = 50
	request.timeout.ms = 30000
	retry.backoff.ms = 100
	sasl.client.callback.handler.class = null
	sasl.jaas.config = null
	sasl.kerberos.kinit.cmd = /usr/bin/kinit
	sasl.kerberos.min.time.before.relogin = 60000
	sasl.kerberos.service.name = null
	sasl.kerberos.ticket.renew.jitter = 0.05
	sasl.kerberos.ticket.renew.window.factor = 0.8
	sasl.login.callback.handler.class = null
	sasl.login.class = null
	sasl.login.connect.timeout.ms = null
	sasl.login.read.timeout.ms = null
	sasl.login.refresh.buffer.seconds = 300
	sasl.login.refresh.min.period.seconds = 60
	sasl.login.refresh.window.factor = 0.8
	sasl.login.refresh.window.jitter = 0.05
	sasl.login.retry.backoff.max.ms = 10000
	sasl.login.retry.backoff.ms = 100
	sasl.mechanism = GSSAPI
	sasl.oauthbearer.clock.skew.seconds = 30
	sasl.oauthbearer.expected.audience = null
	sasl.oauthbearer.expected.issuer = null
	sasl.oauthbearer.jwks.endpoint.refresh.ms = 3600000
	sasl.oauthbearer.jwks.endpoint.retry.backoff.max.ms = 10000
	sasl.oauthbearer.jwks.endpoint.retry.backoff.ms = 100
	sasl.oauthbearer.jwks.endpoint.url = null
	sasl.oauthbearer.scope.claim.name = scope
	sasl.oauthbearer.sub.claim.name = sub
	sasl.oauthbearer.token.endpoint.url = null
	security.protocol = PLAINTEXT
	security.providers = null
	send.buffer.bytes = 131072
	session.timeout.ms = 10000
	socket.connection.setup.timeout.max.ms = 30000
	socket.connection.setup.timeout.ms = 10000
	ssl.cipher.suites = null
	ssl.enabled.protocols = [TLSv1.2, TLSv1.3]
	ssl.endpoint.identification.algorithm = https
	ssl.engine.factory.class = null
	ssl.key.password = null
	ssl.keymanager.algorithm = SunX509
	ssl.keystore.certificate.chain = null
	ssl.keystore.key = null
	ssl.keystore.location = null
	ssl.keystore.password = null
	ssl.keystore.type = JKS
	ssl.protocol = TLSv1.3
	ssl.provider = null
	ssl.secure.random.implementation = null
	ssl.trustmanager.algorithm = PKIX
	ssl.truststore.certificates = null
	ssl.truststore.location = null
	ssl.truststore.password = null
	ssl.truststore.type = JKS
	value.deserializer = class io.confluent.kafka.serializers.KafkaAvroDeserializer

2024-02-01T12:18:02.372+01:00  INFO 5448 --- [           main] i.c.k.s.KafkaAvroDeserializerConfig      : KafkaAvroDeserializerConfig values: 
	auto.register.schemas = true
	avro.reflection.allow.null = false
	avro.use.logical.type.converters = false
	basic.auth.credentials.source = URL
	basic.auth.user.info = [hidden]
	bearer.auth.cache.expiry.buffer.seconds = 300
	bearer.auth.client.id = null
	bearer.auth.client.secret = null
	bearer.auth.credentials.source = STATIC_TOKEN
	bearer.auth.custom.provider.class = null
	bearer.auth.identity.pool.id = null
	bearer.auth.issuer.endpoint.url = null
	bearer.auth.logical.cluster = null
	bearer.auth.scope = null
	bearer.auth.scope.claim.name = scope
	bearer.auth.sub.claim.name = sub
	bearer.auth.token = [hidden]
	context.name.strategy = class io.confluent.kafka.serializers.context.NullContextNameStrategy
	http.connect.timeout.ms = 60000
	http.read.timeout.ms = 60000
	id.compatibility.strict = true
	key.subject.name.strategy = class io.confluent.kafka.serializers.subject.TopicNameStrategy
	latest.cache.size = 1000
	latest.cache.ttl.sec = -1
	latest.compatibility.strict = true
	max.schemas.per.subject = 1000
	normalize.schemas = false
	proxy.host = 
	proxy.port = -1
	rule.actions = []
	rule.executors = []
	rule.service.loader.enable = true
	schema.format = null
	schema.reflection = false
	schema.registry.basic.auth.user.info = [hidden]
	schema.registry.ssl.cipher.suites = null
	schema.registry.ssl.enabled.protocols = [TLSv1.2, TLSv1.3]
	schema.registry.ssl.endpoint.identification.algorithm = https
	schema.registry.ssl.engine.factory.class = null
	schema.registry.ssl.key.password = null
	schema.registry.ssl.keymanager.algorithm = SunX509
	schema.registry.ssl.keystore.certificate.chain = null
	schema.registry.ssl.keystore.key = null
	schema.registry.ssl.keystore.location = null
	schema.registry.ssl.keystore.password = null
	schema.registry.ssl.keystore.type = JKS
	schema.registry.ssl.protocol = TLSv1.3
	schema.registry.ssl.provider = null
	schema.registry.ssl.secure.random.implementation = null
	schema.registry.ssl.trustmanager.algorithm = PKIX
	schema.registry.ssl.truststore.certificates = null
	schema.registry.ssl.truststore.location = null
	schema.registry.ssl.truststore.password = null
	schema.registry.ssl.truststore.type = JKS
	schema.registry.url = [http://localhost:8081]
	specific.avro.key.type = null
	specific.avro.reader = true
	specific.avro.value.type = null
	use.latest.version = false
	use.latest.with.metadata = null
	use.schema.id = -1
	value.subject.name.strategy = class io.confluent.kafka.serializers.subject.TopicNameStrategy

2024-02-01T12:18:02.384+01:00  INFO 5448 --- [           main] o.a.kafka.common.utils.AppInfoParser     : Kafka version: 3.4.1
2024-02-01T12:18:02.385+01:00  INFO 5448 --- [           main] o.a.kafka.common.utils.AppInfoParser     : Kafka commitId: 8a516edc2755df89
2024-02-01T12:18:02.385+01:00  INFO 5448 --- [           main] o.a.kafka.common.utils.AppInfoParser     : Kafka startTimeMs: 1706786282384
2024-02-01T12:18:02.386+01:00  INFO 5448 --- [           main] o.a.k.clients.consumer.KafkaConsumer     : [Consumer clientId=consumer-customer-topic-consumer-3, groupId=customer-topic-consumer] Subscribed to topic(s): customer
2024-02-01T12:18:02.430+01:00  INFO 5448 --- [           main] domain.OrderPaymentSagaTest              : Started OrderPaymentSagaTest in 42.305 seconds (process running for 66.743)
2024-02-01T12:18:04.083+01:00  INFO 5448 --- [-consumer-0-C-1] org.apache.kafka.clients.NetworkClient   : [Consumer clientId=consumer-payment-topic-consumer-2, groupId=payment-topic-consumer] Node -3 disconnected.
2024-02-01T12:18:04.083+01:00  INFO 5448 --- [-consumer-0-C-1] org.apache.kafka.clients.NetworkClient   : [Consumer clientId=consumer-customer-topic-consumer-3, groupId=customer-topic-consumer] Node -2 disconnected.
2024-02-01T12:18:04.083+01:00  INFO 5448 --- [-consumer-0-C-1] org.apache.kafka.clients.NetworkClient   : [Consumer clientId=consumer-restaurant-approval-topic-consumer-1, groupId=restaurant-approval-topic-consumer] Node -2 disconnected.
2024-02-01T12:18:04.087+01:00  WARN 5448 --- [-consumer-0-C-1] org.apache.kafka.clients.NetworkClient   : [Consumer clientId=consumer-restaurant-approval-topic-consumer-1, groupId=restaurant-approval-topic-consumer] Connection to node -2 (localhost/127.0.0.1:29092) could not be established. Broker may not be available.
2024-02-01T12:18:04.087+01:00  WARN 5448 --- [-consumer-0-C-1] org.apache.kafka.clients.NetworkClient   : [Consumer clientId=consumer-customer-topic-consumer-3, groupId=customer-topic-consumer] Connection to node -2 (localhost/127.0.0.1:29092) could not be established. Broker may not be available.
2024-02-01T12:18:04.087+01:00  WARN 5448 --- [-consumer-0-C-1] org.apache.kafka.clients.NetworkClient   : [Consumer clientId=consumer-payment-topic-consumer-2, groupId=payment-topic-consumer] Connection to node -3 (localhost/127.0.0.1:39092) could not be established. Broker may not be available.
2024-02-01T12:18:04.088+01:00  WARN 5448 --- [-consumer-0-C-1] org.apache.kafka.clients.NetworkClient   : [Consumer clientId=consumer-payment-topic-consumer-2, groupId=payment-topic-consumer] Bootstrap broker localhost:39092 (id: -3 rack: null) disconnected
2024-02-01T12:18:04.088+01:00  WARN 5448 --- [-consumer-0-C-1] org.apache.kafka.clients.NetworkClient   : [Consumer clientId=consumer-restaurant-approval-topic-consumer-1, groupId=restaurant-approval-topic-consumer] Bootstrap broker localhost:29092 (id: -2 rack: null) disconnected
2024-02-01T12:18:04.088+01:00  WARN 5448 --- [-consumer-0-C-1] org.apache.kafka.clients.NetworkClient   : [Consumer clientId=consumer-customer-topic-consumer-3, groupId=customer-topic-consumer] Bootstrap broker localhost:29092 (id: -2 rack: null) disconnected
2024-02-01T12:18:04.193+01:00  INFO 5448 --- [-consumer-0-C-1] org.apache.kafka.clients.NetworkClient   : [Consumer clientId=consumer-payment-topic-consumer-2, groupId=payment-topic-consumer] Node -1 disconnected.
2024-02-01T12:18:04.193+01:00  INFO 5448 --- [-consumer-0-C-1] org.apache.kafka.clients.NetworkClient   : [Consumer clientId=consumer-customer-topic-consumer-3, groupId=customer-topic-consumer] Node -3 disconnected.
2024-02-01T12:18:04.193+01:00  INFO 5448 --- [-consumer-0-C-1] org.apache.kafka.clients.NetworkClient   : [Consumer clientId=consumer-restaurant-approval-topic-consumer-1, groupId=restaurant-approval-topic-consumer] Node -3 disconnected.
2024-02-01T12:18:04.194+01:00  WARN 5448 --- [-consumer-0-C-1] org.apache.kafka.clients.NetworkClient   : [Consumer clientId=consumer-customer-topic-consumer-3, groupId=customer-topic-consumer] Connection to node -3 (localhost/127.0.0.1:39092) could not be established. Broker may not be available.
2024-02-01T12:18:04.194+01:00  WARN 5448 --- [-consumer-0-C-1] org.apache.kafka.clients.NetworkClient   : [Consumer clientId=consumer-payment-topic-consumer-2, groupId=payment-topic-consumer] Connection to node -1 (localhost/127.0.0.1:19092) could not be established. Broker may not be available.
2024-02-01T12:18:04.195+01:00  WARN 5448 --- [-consumer-0-C-1] org.apache.kafka.clients.NetworkClient   : [Consumer clientId=consumer-restaurant-approval-topic-consumer-1, groupId=restaurant-approval-topic-consumer] Connection to node -3 (localhost/127.0.0.1:39092) could not be established. Broker may not be available.
2024-02-01T12:18:04.195+01:00  WARN 5448 --- [-consumer-0-C-1] org.apache.kafka.clients.NetworkClient   : [Consumer clientId=consumer-restaurant-approval-topic-consumer-1, groupId=restaurant-approval-topic-consumer] Bootstrap broker localhost:39092 (id: -3 rack: null) disconnected
2024-02-01T12:18:04.195+01:00  WARN 5448 --- [-consumer-0-C-1] org.apache.kafka.clients.NetworkClient   : [Consumer clientId=consumer-customer-topic-consumer-3, groupId=customer-topic-consumer] Bootstrap broker localhost:39092 (id: -3 rack: null) disconnected
2024-02-01T12:18:04.195+01:00  WARN 5448 --- [-consumer-0-C-1] org.apache.kafka.clients.NetworkClient   : [Consumer clientId=consumer-payment-topic-consumer-2, groupId=payment-topic-consumer] Bootstrap broker localhost:19092 (id: -1 rack: null) disconnected
Hibernate: select p1_0.id,p1_0.created_at,p1_0.order_status,p1_0.outbox_status,p1_0.payload,p1_0.processed_at,p1_0.saga_id,p1_0.saga_status,p1_0.type,p1_0.version from payment_outbox p1_0 where p1_0.type=? and p1_0.saga_id=? and p1_0.saga_status in (?)
Hibernate: select p1_0.id,p1_0.created_at,p1_0.order_status,p1_0.outbox_status,p1_0.payload,p1_0.processed_at,p1_0.saga_id,p1_0.saga_status,p1_0.type,p1_0.version from payment_outbox p1_0 where p1_0.type=? and p1_0.saga_id=? and p1_0.saga_status in (?)
2024-02-01T12:18:04.285+01:00  INFO 5448 --- [       Thread-3] c.f.o.s.o.s.domain.OrderPaymentSaga      : Completing payment for order with id: d215b5f8-0249-4dc5-89a3-51fd148cfb17
2024-02-01T12:18:04.285+01:00  INFO 5448 --- [       Thread-2] c.f.o.s.o.s.domain.OrderPaymentSaga      : Completing payment for order with id: d215b5f8-0249-4dc5-89a3-51fd148cfb17
2024-02-01T12:18:04.300+01:00  INFO 5448 --- [-consumer-0-C-1] org.apache.kafka.clients.NetworkClient   : [Consumer clientId=consumer-customer-topic-consumer-3, groupId=customer-topic-consumer] Node -1 disconnected.
2024-02-01T12:18:04.301+01:00  WARN 5448 --- [-consumer-0-C-1] org.apache.kafka.clients.NetworkClient   : [Consumer clientId=consumer-customer-topic-consumer-3, groupId=customer-topic-consumer] Connection to node -1 (localhost/127.0.0.1:19092) could not be established. Broker may not be available.
2024-02-01T12:18:04.302+01:00  WARN 5448 --- [-consumer-0-C-1] org.apache.kafka.clients.NetworkClient   : [Consumer clientId=consumer-customer-topic-consumer-3, groupId=customer-topic-consumer] Bootstrap broker localhost:19092 (id: -1 rack: null) disconnected
2024-02-01T12:18:04.303+01:00  INFO 5448 --- [-consumer-0-C-1] org.apache.kafka.clients.NetworkClient   : [Consumer clientId=consumer-restaurant-approval-topic-consumer-1, groupId=restaurant-approval-topic-consumer] Node -1 disconnected.
2024-02-01T12:18:04.304+01:00  WARN 5448 --- [-consumer-0-C-1] org.apache.kafka.clients.NetworkClient   : [Consumer clientId=consumer-restaurant-approval-topic-consumer-1, groupId=restaurant-approval-topic-consumer] Connection to node -1 (localhost/127.0.0.1:19092) could not be established. Broker may not be available.
2024-02-01T12:18:04.317+01:00  WARN 5448 --- [-consumer-0-C-1] org.apache.kafka.clients.NetworkClient   : [Consumer clientId=consumer-restaurant-approval-topic-consumer-1, groupId=restaurant-approval-topic-consumer] Bootstrap broker localhost:19092 (id: -1 rack: null) disconnected
2024-02-01T12:18:04.324+01:00  INFO 5448 --- [-consumer-0-C-1] org.apache.kafka.clients.NetworkClient   : [Consumer clientId=consumer-payment-topic-consumer-2, groupId=payment-topic-consumer] Node -2 disconnected.
2024-02-01T12:18:04.326+01:00  WARN 5448 --- [-consumer-0-C-1] org.apache.kafka.clients.NetworkClient   : [Consumer clientId=consumer-payment-topic-consumer-2, groupId=payment-topic-consumer] Connection to node -2 (localhost/127.0.0.1:29092) could not be established. Broker may not be available.
2024-02-01T12:18:04.327+01:00  WARN 5448 --- [-consumer-0-C-1] org.apache.kafka.clients.NetworkClient   : [Consumer clientId=consumer-payment-topic-consumer-2, groupId=payment-topic-consumer] Bootstrap broker localhost:29092 (id: -2 rack: null) disconnected
Hibernate: select o1_0.id,a1_0.id,a1_0.city,a1_0.postal_code,a1_0.street,o1_0.customer_id,o1_0.failure_messages,o1_0.order_status,o1_0.price,o1_0.restaurant_id,o1_0.tracking_id from orders o1_0 left join order_address a1_0 on o1_0.id=a1_0.order_id where o1_0.id=?
Hibernate: select o1_0.id,a1_0.id,a1_0.city,a1_0.postal_code,a1_0.street,o1_0.customer_id,o1_0.failure_messages,o1_0.order_status,o1_0.price,o1_0.restaurant_id,o1_0.tracking_id from orders o1_0 left join order_address a1_0 on o1_0.id=a1_0.order_id where o1_0.id=?
2024-02-01T12:18:04.407+01:00  INFO 5448 --- [-consumer-0-C-1] org.apache.kafka.clients.NetworkClient   : [Consumer clientId=consumer-customer-topic-consumer-3, groupId=customer-topic-consumer] Node -2 disconnected.
2024-02-01T12:18:04.408+01:00  WARN 5448 --- [-consumer-0-C-1] org.apache.kafka.clients.NetworkClient   : [Consumer clientId=consumer-customer-topic-consumer-3, groupId=customer-topic-consumer] Connection to node -2 (localhost/127.0.0.1:29092) could not be established. Broker may not be available.
2024-02-01T12:18:04.409+01:00  WARN 5448 --- [-consumer-0-C-1] org.apache.kafka.clients.NetworkClient   : [Consumer clientId=consumer-customer-topic-consumer-3, groupId=customer-topic-consumer] Bootstrap broker localhost:29092 (id: -2 rack: null) disconnected
2024-02-01T12:18:04.417+01:00  INFO 5448 --- [-consumer-0-C-1] org.apache.kafka.clients.NetworkClient   : [Consumer clientId=consumer-restaurant-approval-topic-consumer-1, groupId=restaurant-approval-topic-consumer] Node -2 disconnected.
2024-02-01T12:18:04.418+01:00  WARN 5448 --- [-consumer-0-C-1] org.apache.kafka.clients.NetworkClient   : [Consumer clientId=consumer-restaurant-approval-topic-consumer-1, groupId=restaurant-approval-topic-consumer] Connection to node -2 (localhost/127.0.0.1:29092) could not be established. Broker may not be available.
2024-02-01T12:18:04.419+01:00  WARN 5448 --- [-consumer-0-C-1] org.apache.kafka.clients.NetworkClient   : [Consumer clientId=consumer-restaurant-approval-topic-consumer-1, groupId=restaurant-approval-topic-consumer] Bootstrap broker localhost:29092 (id: -2 rack: null) disconnected
2024-02-01T12:18:04.429+01:00  INFO 5448 --- [-consumer-0-C-1] org.apache.kafka.clients.NetworkClient   : [Consumer clientId=consumer-payment-topic-consumer-2, groupId=payment-topic-consumer] Node -3 disconnected.
2024-02-01T12:18:04.430+01:00  WARN 5448 --- [-consumer-0-C-1] org.apache.kafka.clients.NetworkClient   : [Consumer clientId=consumer-payment-topic-consumer-2, groupId=payment-topic-consumer] Connection to node -3 (localhost/127.0.0.1:39092) could not be established. Broker may not be available.
2024-02-01T12:18:04.432+01:00  WARN 5448 --- [-consumer-0-C-1] org.apache.kafka.clients.NetworkClient   : [Consumer clientId=consumer-payment-topic-consumer-2, groupId=payment-topic-consumer] Bootstrap broker localhost:39092 (id: -3 rack: null) disconnected
Hibernate: select i1_0.order_id,i1_0.id,i1_0.price,i1_0.product_id,i1_0.quantity,i1_0.sub_total from order_items i1_0 where i1_0.order_id=?
Hibernate: select i1_0.order_id,i1_0.id,i1_0.price,i1_0.product_id,i1_0.quantity,i1_0.sub_total from order_items i1_0 where i1_0.order_id=?
2024-02-01T12:18:04.511+01:00  INFO 5448 --- [-consumer-0-C-1] org.apache.kafka.clients.NetworkClient   : [Consumer clientId=consumer-customer-topic-consumer-3, groupId=customer-topic-consumer] Node -3 disconnected.
2024-02-01T12:18:04.511+01:00  WARN 5448 --- [-consumer-0-C-1] org.apache.kafka.clients.NetworkClient   : [Consumer clientId=consumer-customer-topic-consumer-3, groupId=customer-topic-consumer] Connection to node -3 (localhost/127.0.0.1:39092) could not be established. Broker may not be available.
2024-02-01T12:18:04.512+01:00  WARN 5448 --- [-consumer-0-C-1] org.apache.kafka.clients.NetworkClient   : [Consumer clientId=consumer-customer-topic-consumer-3, groupId=customer-topic-consumer] Bootstrap broker localhost:39092 (id: -3 rack: null) disconnected
2024-02-01T12:18:04.513+01:00  INFO 5448 --- [       Thread-2] c.f.o.s.o.s.d.OrderDomainServiceImpl     : order with id: d215b5f8-0249-4dc5-89a3-51fd148cfb17 is paid 
2024-02-01T12:18:04.513+01:00  INFO 5448 --- [       Thread-3] c.f.o.s.o.s.d.OrderDomainServiceImpl     : order with id: d215b5f8-0249-4dc5-89a3-51fd148cfb17 is paid 
2024-02-01T12:18:04.528+01:00  INFO 5448 --- [-consumer-0-C-1] org.apache.kafka.clients.NetworkClient   : [Consumer clientId=consumer-restaurant-approval-topic-consumer-1, groupId=restaurant-approval-topic-consumer] Node -3 disconnected.
2024-02-01T12:18:04.528+01:00  WARN 5448 --- [-consumer-0-C-1] org.apache.kafka.clients.NetworkClient   : [Consumer clientId=consumer-restaurant-approval-topic-consumer-1, groupId=restaurant-approval-topic-consumer] Connection to node -3 (localhost/127.0.0.1:39092) could not be established. Broker may not be available.
2024-02-01T12:18:04.528+01:00  WARN 5448 --- [-consumer-0-C-1] org.apache.kafka.clients.NetworkClient   : [Consumer clientId=consumer-restaurant-approval-topic-consumer-1, groupId=restaurant-approval-topic-consumer] Bootstrap broker localhost:39092 (id: -3 rack: null) disconnected
2024-02-01T12:18:04.532+01:00  INFO 5448 --- [-consumer-0-C-1] org.apache.kafka.clients.NetworkClient   : [Consumer clientId=consumer-payment-topic-consumer-2, groupId=payment-topic-consumer] Node -1 disconnected.
2024-02-01T12:18:04.533+01:00  WARN 5448 --- [-consumer-0-C-1] org.apache.kafka.clients.NetworkClient   : [Consumer clientId=consumer-payment-topic-consumer-2, groupId=payment-topic-consumer] Connection to node -1 (localhost/127.0.0.1:19092) could not be established. Broker may not be available.
2024-02-01T12:18:04.534+01:00  WARN 5448 --- [-consumer-0-C-1] org.apache.kafka.clients.NetworkClient   : [Consumer clientId=consumer-payment-topic-consumer-2, groupId=payment-topic-consumer] Bootstrap broker localhost:19092 (id: -1 rack: null) disconnected
2024-02-01T12:18:04.574+01:00  INFO 5448 --- [       Thread-2] c.f.o.s.o.s.d.o.s.p.PaymentOutboxHelper  : OrderPaymentOutboxMessage saved with outbox id: 8904808e-286f-449b-9b56-b63ba8351cf2
2024-02-01T12:18:04.574+01:00  INFO 5448 --- [       Thread-3] c.f.o.s.o.s.d.o.s.p.PaymentOutboxHelper  : OrderPaymentOutboxMessage saved with outbox id: 8904808e-286f-449b-9b56-b63ba8351cf2
2024-02-01T12:18:04.620+01:00  INFO 5448 --- [-consumer-0-C-1] org.apache.kafka.clients.NetworkClient   : [Consumer clientId=consumer-customer-topic-consumer-3, groupId=customer-topic-consumer] Node -1 disconnected.
2024-02-01T12:18:04.621+01:00  WARN 5448 --- [-consumer-0-C-1] org.apache.kafka.clients.NetworkClient   : [Consumer clientId=consumer-customer-topic-consumer-3, groupId=customer-topic-consumer] Connection to node -1 (localhost/127.0.0.1:19092) could not be established. Broker may not be available.
2024-02-01T12:18:04.621+01:00  WARN 5448 --- [-consumer-0-C-1] org.apache.kafka.clients.NetworkClient   : [Consumer clientId=consumer-customer-topic-consumer-3, groupId=customer-topic-consumer] Bootstrap broker localhost:19092 (id: -1 rack: null) disconnected
2024-02-01T12:18:04.633+01:00  INFO 5448 --- [-consumer-0-C-1] org.apache.kafka.clients.NetworkClient   : [Consumer clientId=consumer-restaurant-approval-topic-consumer-1, groupId=restaurant-approval-topic-consumer] Node -1 disconnected.
2024-02-01T12:18:04.634+01:00  WARN 5448 --- [-consumer-0-C-1] org.apache.kafka.clients.NetworkClient   : [Consumer clientId=consumer-restaurant-approval-topic-consumer-1, groupId=restaurant-approval-topic-consumer] Connection to node -1 (localhost/127.0.0.1:19092) could not be established. Broker may not be available.
2024-02-01T12:18:04.635+01:00  WARN 5448 --- [-consumer-0-C-1] org.apache.kafka.clients.NetworkClient   : [Consumer clientId=consumer-restaurant-approval-topic-consumer-1, groupId=restaurant-approval-topic-consumer] Bootstrap broker localhost:19092 (id: -1 rack: null) disconnected
2024-02-01T12:18:04.636+01:00  INFO 5448 --- [-consumer-0-C-1] org.apache.kafka.clients.NetworkClient   : [Consumer clientId=consumer-payment-topic-consumer-2, groupId=payment-topic-consumer] Node -2 disconnected.
2024-02-01T12:18:04.637+01:00  WARN 5448 --- [-consumer-0-C-1] org.apache.kafka.clients.NetworkClient   : [Consumer clientId=consumer-payment-topic-consumer-2, groupId=payment-topic-consumer] Connection to node -2 (localhost/127.0.0.1:29092) could not be established. Broker may not be available.
2024-02-01T12:18:04.638+01:00  WARN 5448 --- [-consumer-0-C-1] org.apache.kafka.clients.NetworkClient   : [Consumer clientId=consumer-payment-topic-consumer-2, groupId=payment-topic-consumer] Bootstrap broker localhost:29092 (id: -2 rack: null) disconnected
Hibernate: select a1_0.id,a1_0.created_at,a1_0.order_status,a1_0.outbox_status,a1_0.payload,a1_0.processed_at,a1_0.saga_id,a1_0.saga_status,a1_0.type,a1_0.version from restaurant_approval_outbox a1_0 where a1_0.id=?
Hibernate: select a1_0.id,a1_0.created_at,a1_0.order_status,a1_0.outbox_status,a1_0.payload,a1_0.processed_at,a1_0.saga_id,a1_0.saga_status,a1_0.type,a1_0.version from restaurant_approval_outbox a1_0 where a1_0.id=?
2024-02-01T12:18:04.731+01:00  INFO 5448 --- [-consumer-0-C-1] org.apache.kafka.clients.NetworkClient   : [Consumer clientId=consumer-customer-topic-consumer-3, groupId=customer-topic-consumer] Node -2 disconnected.
2024-02-01T12:18:04.732+01:00  WARN 5448 --- [-consumer-0-C-1] org.apache.kafka.clients.NetworkClient   : [Consumer clientId=consumer-customer-topic-consumer-3, groupId=customer-topic-consumer] Connection to node -2 (localhost/127.0.0.1:29092) could not be established. Broker may not be available.
2024-02-01T12:18:04.732+01:00  WARN 5448 --- [-consumer-0-C-1] org.apache.kafka.clients.NetworkClient   : [Consumer clientId=consumer-customer-topic-consumer-3, groupId=customer-topic-consumer] Bootstrap broker localhost:29092 (id: -2 rack: null) disconnected
2024-02-01T12:18:04.735+01:00  INFO 5448 --- [-consumer-0-C-1] org.apache.kafka.clients.NetworkClient   : [Consumer clientId=consumer-restaurant-approval-topic-consumer-1, groupId=restaurant-approval-topic-consumer] Node -2 disconnected.
2024-02-01T12:18:04.735+01:00  WARN 5448 --- [-consumer-0-C-1] org.apache.kafka.clients.NetworkClient   : [Consumer clientId=consumer-restaurant-approval-topic-consumer-1, groupId=restaurant-approval-topic-consumer] Connection to node -2 (localhost/127.0.0.1:29092) could not be established. Broker may not be available.
2024-02-01T12:18:04.736+01:00  WARN 5448 --- [-consumer-0-C-1] org.apache.kafka.clients.NetworkClient   : [Consumer clientId=consumer-restaurant-approval-topic-consumer-1, groupId=restaurant-approval-topic-consumer] Bootstrap broker localhost:29092 (id: -2 rack: null) disconnected
2024-02-01T12:18:04.754+01:00  INFO 5448 --- [-consumer-0-C-1] org.apache.kafka.clients.NetworkClient   : [Consumer clientId=consumer-payment-topic-consumer-2, groupId=payment-topic-consumer] Node -3 disconnected.
2024-02-01T12:18:04.755+01:00  WARN 5448 --- [-consumer-0-C-1] org.apache.kafka.clients.NetworkClient   : [Consumer clientId=consumer-payment-topic-consumer-2, groupId=payment-topic-consumer] Connection to node -3 (localhost/127.0.0.1:39092) could not be established. Broker may not be available.
2024-02-01T12:18:04.756+01:00  WARN 5448 --- [-consumer-0-C-1] org.apache.kafka.clients.NetworkClient   : [Consumer clientId=consumer-payment-topic-consumer-2, groupId=payment-topic-consumer] Bootstrap broker localhost:39092 (id: -3 rack: null) disconnected
2024-02-01T12:18:04.779+01:00  INFO 5448 --- [       Thread-2] c.f.o.s.o.s.d.o.s.a.ApprovalOutboxHelper : OrderApprovalOutboxMessage saved with outbox id: dd5e322d-abb1-4a9a-8bb4-b82c9d5ac641
2024-02-01T12:18:04.779+01:00  INFO 5448 --- [       Thread-3] c.f.o.s.o.s.d.o.s.a.ApprovalOutboxHelper : OrderApprovalOutboxMessage saved with outbox id: 3360dd34-8b00-4296-a267-38ab3de29227
2024-02-01T12:18:04.779+01:00  INFO 5448 --- [       Thread-2] c.f.o.s.o.s.domain.OrderPaymentSaga      : Order with id: d215b5f8-0249-4dc5-89a3-51fd148cfb17 is paid
2024-02-01T12:18:04.779+01:00  INFO 5448 --- [       Thread-3] c.f.o.s.o.s.domain.OrderPaymentSaga      : Order with id: d215b5f8-0249-4dc5-89a3-51fd148cfb17 is paid
2024-02-01T12:18:04.842+01:00  INFO 5448 --- [-consumer-0-C-1] org.apache.kafka.clients.NetworkClient   : [Consumer clientId=consumer-customer-topic-consumer-3, groupId=customer-topic-consumer] Node -3 disconnected.
2024-02-01T12:18:04.843+01:00  INFO 5448 --- [-consumer-0-C-1] org.apache.kafka.clients.NetworkClient   : [Consumer clientId=consumer-restaurant-approval-topic-consumer-1, groupId=restaurant-approval-topic-consumer] Node -3 disconnected.
2024-02-01T12:18:04.847+01:00  WARN 5448 --- [-consumer-0-C-1] org.apache.kafka.clients.NetworkClient   : [Consumer clientId=consumer-customer-topic-consumer-3, groupId=customer-topic-consumer] Connection to node -3 (localhost/127.0.0.1:39092) could not be established. Broker may not be available.
2024-02-01T12:18:04.847+01:00  WARN 5448 --- [-consumer-0-C-1] org.apache.kafka.clients.NetworkClient   : [Consumer clientId=consumer-restaurant-approval-topic-consumer-1, groupId=restaurant-approval-topic-consumer] Connection to node -3 (localhost/127.0.0.1:39092) could not be established. Broker may not be available.
2024-02-01T12:18:04.854+01:00  WARN 5448 --- [-consumer-0-C-1] org.apache.kafka.clients.NetworkClient   : [Consumer clientId=consumer-customer-topic-consumer-3, groupId=customer-topic-consumer] Bootstrap broker localhost:39092 (id: -3 rack: null) disconnected
2024-02-01T12:18:04.855+01:00  WARN 5448 --- [-consumer-0-C-1] org.apache.kafka.clients.NetworkClient   : [Consumer clientId=consumer-restaurant-approval-topic-consumer-1, groupId=restaurant-approval-topic-consumer] Bootstrap broker localhost:39092 (id: -3 rack: null) disconnected
2024-02-01T12:18:04.860+01:00  INFO 5448 --- [-consumer-0-C-1] org.apache.kafka.clients.NetworkClient   : [Consumer clientId=consumer-payment-topic-consumer-2, groupId=payment-topic-consumer] Node -1 disconnected.
2024-02-01T12:18:04.862+01:00  WARN 5448 --- [-consumer-0-C-1] org.apache.kafka.clients.NetworkClient   : [Consumer clientId=consumer-payment-topic-consumer-2, groupId=payment-topic-consumer] Connection to node -1 (localhost/127.0.0.1:19092) could not be established. Broker may not be available.
2024-02-01T12:18:04.863+01:00  WARN 5448 --- [-consumer-0-C-1] org.apache.kafka.clients.NetworkClient   : [Consumer clientId=consumer-payment-topic-consumer-2, groupId=payment-topic-consumer] Bootstrap broker localhost:19092 (id: -1 rack: null) disconnected
Hibernate: insert into restaurant_approval_outbox (created_at,order_status,outbox_status,payload,processed_at,saga_id,saga_status,type,version,id) values (?,?,?,?,?,?,?,?,?,?)
Hibernate: insert into restaurant_approval_outbox (created_at,order_status,outbox_status,payload,processed_at,saga_id,saga_status,type,version,id) values (?,?,?,?,?,?,?,?,?,?)
2024-02-01T12:18:04.955+01:00  INFO 5448 --- [-consumer-0-C-1] org.apache.kafka.clients.NetworkClient   : [Consumer clientId=consumer-restaurant-approval-topic-consumer-1, groupId=restaurant-approval-topic-consumer] Node -1 disconnected.
2024-02-01T12:18:04.955+01:00  INFO 5448 --- [-consumer-0-C-1] org.apache.kafka.clients.NetworkClient   : [Consumer clientId=consumer-customer-topic-consumer-3, groupId=customer-topic-consumer] Node -1 disconnected.
2024-02-01T12:18:04.955+01:00  WARN 5448 --- [-consumer-0-C-1] org.apache.kafka.clients.NetworkClient   : [Consumer clientId=consumer-restaurant-approval-topic-consumer-1, groupId=restaurant-approval-topic-consumer] Connection to node -1 (localhost/127.0.0.1:19092) could not be established. Broker may not be available.
2024-02-01T12:18:04.956+01:00  WARN 5448 --- [-consumer-0-C-1] org.apache.kafka.clients.NetworkClient   : [Consumer clientId=consumer-customer-topic-consumer-3, groupId=customer-topic-consumer] Connection to node -1 (localhost/127.0.0.1:19092) could not be established. Broker may not be available.
2024-02-01T12:18:04.956+01:00  WARN 5448 --- [-consumer-0-C-1] org.apache.kafka.clients.NetworkClient   : [Consumer clientId=consumer-restaurant-approval-topic-consumer-1, groupId=restaurant-approval-topic-consumer] Bootstrap broker localhost:19092 (id: -1 rack: null) disconnected
2024-02-01T12:18:04.957+01:00  WARN 5448 --- [-consumer-0-C-1] org.apache.kafka.clients.NetworkClient   : [Consumer clientId=consumer-customer-topic-consumer-3, groupId=customer-topic-consumer] Bootstrap broker localhost:19092 (id: -1 rack: null) disconnected
2024-02-01T12:18:04.964+01:00  INFO 5448 --- [-consumer-0-C-1] org.apache.kafka.clients.NetworkClient   : [Consumer clientId=consumer-payment-topic-consumer-2, groupId=payment-topic-consumer] Node -2 disconnected.
2024-02-01T12:18:04.965+01:00  WARN 5448 --- [-consumer-0-C-1] org.apache.kafka.clients.NetworkClient   : [Consumer clientId=consumer-payment-topic-consumer-2, groupId=payment-topic-consumer] Connection to node -2 (localhost/127.0.0.1:29092) could not be established. Broker may not be available.
2024-02-01T12:18:04.966+01:00  WARN 5448 --- [-consumer-0-C-1] org.apache.kafka.clients.NetworkClient   : [Consumer clientId=consumer-payment-topic-consumer-2, groupId=payment-topic-consumer] Bootstrap broker localhost:29092 (id: -2 rack: null) disconnected
Hibernate: update payment_outbox set created_at=?,order_status=?,outbox_status=?,payload=?,processed_at=?,saga_id=?,saga_status=?,type=?,version=? where id=? and version=?
Hibernate: update payment_outbox set created_at=?,order_status=?,outbox_status=?,payload=?,processed_at=?,saga_id=?,saga_status=?,type=?,version=? where id=? and version=?
Hibernate: update orders set customer_id=?,failure_messages=?,order_status=?,price=?,restaurant_id=?,tracking_id=? where id=?
2024-02-01T12:18:05.073+01:00  INFO 5448 --- [-consumer-0-C-1] org.apache.kafka.clients.NetworkClient   : [Consumer clientId=consumer-payment-topic-consumer-2, groupId=payment-topic-consumer] Node -3 disconnected.
2024-02-01T12:18:05.073+01:00  INFO 5448 --- [-consumer-0-C-1] org.apache.kafka.clients.NetworkClient   : [Consumer clientId=consumer-customer-topic-consumer-3, groupId=customer-topic-consumer] Node -2 disconnected.
2024-02-01T12:18:05.073+01:00  INFO 5448 --- [-consumer-0-C-1] org.apache.kafka.clients.NetworkClient   : [Consumer clientId=consumer-restaurant-approval-topic-consumer-1, groupId=restaurant-approval-topic-consumer] Node -2 disconnected.
2024-02-01T12:18:05.073+01:00  WARN 5448 --- [-consumer-0-C-1] org.apache.kafka.clients.NetworkClient   : [Consumer clientId=consumer-payment-topic-consumer-2, groupId=payment-topic-consumer] Connection to node -3 (localhost/127.0.0.1:39092) could not be established. Broker may not be available.
2024-02-01T12:18:05.074+01:00  WARN 5448 --- [-consumer-0-C-1] org.apache.kafka.clients.NetworkClient   : [Consumer clientId=consumer-payment-topic-consumer-2, groupId=payment-topic-consumer] Bootstrap broker localhost:39092 (id: -3 rack: null) disconnected
2024-02-01T12:18:05.074+01:00  WARN 5448 --- [-consumer-0-C-1] org.apache.kafka.clients.NetworkClient   : [Consumer clientId=consumer-customer-topic-consumer-3, groupId=customer-topic-consumer] Connection to node -2 (localhost/127.0.0.1:29092) could not be established. Broker may not be available.
2024-02-01T12:18:05.074+01:00  WARN 5448 --- [-consumer-0-C-1] org.apache.kafka.clients.NetworkClient   : [Consumer clientId=consumer-restaurant-approval-topic-consumer-1, groupId=restaurant-approval-topic-consumer] Connection to node -2 (localhost/127.0.0.1:29092) could not be established. Broker may not be available.
2024-02-01T12:18:05.077+01:00  WARN 5448 --- [-consumer-0-C-1] org.apache.kafka.clients.NetworkClient   : [Consumer clientId=consumer-restaurant-approval-topic-consumer-1, groupId=restaurant-approval-topic-consumer] Bootstrap broker localhost:29092 (id: -2 rack: null) disconnected
2024-02-01T12:18:05.076+01:00  WARN 5448 --- [-consumer-0-C-1] org.apache.kafka.clients.NetworkClient   : [Consumer clientId=consumer-customer-topic-consumer-3, groupId=customer-topic-consumer] Bootstrap broker localhost:29092 (id: -2 rack: null) disconnected
Hibernate: select p1_0.id,p1_0.created_at,p1_0.order_status,p1_0.outbox_status,p1_0.payload,p1_0.processed_at,p1_0.saga_id,p1_0.saga_status,p1_0.type,p1_0.version from payment_outbox p1_0 where p1_0.id=?
2024-02-01T12:18:05.136+01:00 ERROR 5448 --- [       Thread-3] domain.OrderPaymentSagaTest              : OptimisticLockingFailureException occurred for thread2
2024-02-01T12:18:05.182+01:00  INFO 5448 --- [-consumer-0-C-1] org.apache.kafka.clients.NetworkClient   : [Consumer clientId=consumer-customer-topic-consumer-3, groupId=customer-topic-consumer] Node -3 disconnected.
2024-02-01T12:18:05.182+01:00  INFO 5448 --- [-consumer-0-C-1] org.apache.kafka.clients.NetworkClient   : [Consumer clientId=consumer-payment-topic-consumer-2, groupId=payment-topic-consumer] Node -1 disconnected.
2024-02-01T12:18:05.184+01:00  WARN 5448 --- [-consumer-0-C-1] org.apache.kafka.clients.NetworkClient   : [Consumer clientId=consumer-customer-topic-consumer-3, groupId=customer-topic-consumer] Connection to node -3 (localhost/127.0.0.1:39092) could not be established. Broker may not be available.
2024-02-01T12:18:05.184+01:00  WARN 5448 --- [-consumer-0-C-1] org.apache.kafka.clients.NetworkClient   : [Consumer clientId=consumer-customer-topic-consumer-3, groupId=customer-topic-consumer] Bootstrap broker localhost:39092 (id: -3 rack: null) disconnected
2024-02-01T12:18:05.184+01:00  INFO 5448 --- [-consumer-0-C-1] org.apache.kafka.clients.NetworkClient   : [Consumer clientId=consumer-restaurant-approval-topic-consumer-1, groupId=restaurant-approval-topic-consumer] Node -3 disconnected.
2024-02-01T12:18:05.184+01:00  WARN 5448 --- [-consumer-0-C-1] org.apache.kafka.clients.NetworkClient   : [Consumer clientId=consumer-payment-topic-consumer-2, groupId=payment-topic-consumer] Connection to node -1 (localhost/127.0.0.1:19092) could not be established. Broker may not be available.
2024-02-01T12:18:05.184+01:00  WARN 5448 --- [-consumer-0-C-1] org.apache.kafka.clients.NetworkClient   : [Consumer clientId=consumer-restaurant-approval-topic-consumer-1, groupId=restaurant-approval-topic-consumer] Connection to node -3 (localhost/127.0.0.1:39092) could not be established. Broker may not be available.
2024-02-01T12:18:05.185+01:00  WARN 5448 --- [-consumer-0-C-1] org.apache.kafka.clients.NetworkClient   : [Consumer clientId=consumer-payment-topic-consumer-2, groupId=payment-topic-consumer] Bootstrap broker localhost:19092 (id: -1 rack: null) disconnected
2024-02-01T12:18:05.185+01:00  WARN 5448 --- [-consumer-0-C-1] org.apache.kafka.clients.NetworkClient   : [Consumer clientId=consumer-restaurant-approval-topic-consumer-1, groupId=restaurant-approval-topic-consumer] Bootstrap broker localhost:39092 (id: -3 rack: null) disconnected
Hibernate: select p1_0.id,p1_0.created_at,p1_0.order_status,p1_0.outbox_status,p1_0.payload,p1_0.processed_at,p1_0.saga_id,p1_0.saga_status,p1_0.type,p1_0.version from payment_outbox p1_0 where p1_0.type=? and p1_0.saga_id=? and p1_0.saga_status in (?)
2024-02-01T12:18:05.295+01:00  INFO 5448 --- [-consumer-0-C-1] org.apache.kafka.clients.NetworkClient   : [Consumer clientId=consumer-restaurant-approval-topic-consumer-1, groupId=restaurant-approval-topic-consumer] Node -1 disconnected.
2024-02-01T12:18:05.294+01:00  INFO 5448 --- [-consumer-0-C-1] org.apache.kafka.clients.NetworkClient   : [Consumer clientId=consumer-customer-topic-consumer-3, groupId=customer-topic-consumer] Node -1 disconnected.
2024-02-01T12:18:05.296+01:00  WARN 5448 --- [-consumer-0-C-1] org.apache.kafka.clients.NetworkClient   : [Consumer clientId=consumer-customer-topic-consumer-3, groupId=customer-topic-consumer] Connection to node -1 (localhost/127.0.0.1:19092) could not be established. Broker may not be available.
2024-02-01T12:18:05.296+01:00  WARN 5448 --- [-consumer-0-C-1] org.apache.kafka.clients.NetworkClient   : [Consumer clientId=consumer-restaurant-approval-topic-consumer-1, groupId=restaurant-approval-topic-consumer] Connection to node -1 (localhost/127.0.0.1:19092) could not be established. Broker may not be available.
2024-02-01T12:18:05.296+01:00  WARN 5448 --- [-consumer-0-C-1] org.apache.kafka.clients.NetworkClient   : [Consumer clientId=consumer-customer-topic-consumer-3, groupId=customer-topic-consumer] Bootstrap broker localhost:19092 (id: -1 rack: null) disconnected
2024-02-01T12:18:05.296+01:00  WARN 5448 --- [-consumer-0-C-1] org.apache.kafka.clients.NetworkClient   : [Consumer clientId=consumer-restaurant-approval-topic-consumer-1, groupId=restaurant-approval-topic-consumer] Bootstrap broker localhost:19092 (id: -1 rack: null) disconnected
2024-02-01T12:18:05.296+01:00  INFO 5448 --- [-consumer-0-C-1] org.apache.kafka.clients.NetworkClient   : [Consumer clientId=consumer-payment-topic-consumer-2, groupId=payment-topic-consumer] Node -2 disconnected.
2024-02-01T12:18:05.297+01:00  WARN 5448 --- [-consumer-0-C-1] org.apache.kafka.clients.NetworkClient   : [Consumer clientId=consumer-payment-topic-consumer-2, groupId=payment-topic-consumer] Connection to node -2 (localhost/127.0.0.1:29092) could not be established. Broker may not be available.
2024-02-01T12:18:05.297+01:00  WARN 5448 --- [-consumer-0-C-1] org.apache.kafka.clients.NetworkClient   : [Consumer clientId=consumer-payment-topic-consumer-2, groupId=payment-topic-consumer] Bootstrap broker localhost:29092 (id: -2 rack: null) disconnected
]]></system-out>
  </testcase>
  <testcase name="testDoublePaymentWithThreads" classname="domain.OrderPaymentSagaTest" time="0.196">
    <system-out><![CDATA[Hibernate: select p1_0.id,p1_0.created_at,p1_0.order_status,p1_0.outbox_status,p1_0.payload,p1_0.processed_at,p1_0.saga_id,p1_0.saga_status,p1_0.type,p1_0.version from payment_outbox p1_0 where p1_0.type=? and p1_0.saga_id=? and p1_0.saga_status in (?)
Hibernate: select p1_0.id,p1_0.created_at,p1_0.order_status,p1_0.outbox_status,p1_0.payload,p1_0.processed_at,p1_0.saga_id,p1_0.saga_status,p1_0.type,p1_0.version from payment_outbox p1_0 where p1_0.type=? and p1_0.saga_id=? and p1_0.saga_status in (?)
2024-02-01T12:18:05.429+01:00  INFO 5448 --- [       Thread-5] c.f.o.s.o.s.domain.OrderPaymentSaga      : Completing payment for order with id: d215b5f8-0249-4dc5-89a3-51fd148cfb17
2024-02-01T12:18:05.429+01:00  INFO 5448 --- [       Thread-4] c.f.o.s.o.s.domain.OrderPaymentSaga      : Completing payment for order with id: d215b5f8-0249-4dc5-89a3-51fd148cfb17
Hibernate: select o1_0.id,a1_0.id,a1_0.city,a1_0.postal_code,a1_0.street,o1_0.customer_id,o1_0.failure_messages,o1_0.order_status,o1_0.price,o1_0.restaurant_id,o1_0.tracking_id from orders o1_0 left join order_address a1_0 on o1_0.id=a1_0.order_id where o1_0.id=?
Hibernate: select o1_0.id,a1_0.id,a1_0.city,a1_0.postal_code,a1_0.street,o1_0.customer_id,o1_0.failure_messages,o1_0.order_status,o1_0.price,o1_0.restaurant_id,o1_0.tracking_id from orders o1_0 left join order_address a1_0 on o1_0.id=a1_0.order_id where o1_0.id=?
Hibernate: select i1_0.order_id,i1_0.id,i1_0.price,i1_0.product_id,i1_0.quantity,i1_0.sub_total from order_items i1_0 where i1_0.order_id=?
Hibernate: select i1_0.order_id,i1_0.id,i1_0.price,i1_0.product_id,i1_0.quantity,i1_0.sub_total from order_items i1_0 where i1_0.order_id=?
2024-02-01T12:18:05.441+01:00  INFO 5448 --- [       Thread-4] c.f.o.s.o.s.d.OrderDomainServiceImpl     : order with id: d215b5f8-0249-4dc5-89a3-51fd148cfb17 is paid 
2024-02-01T12:18:05.441+01:00  INFO 5448 --- [       Thread-5] c.f.o.s.o.s.d.OrderDomainServiceImpl     : order with id: d215b5f8-0249-4dc5-89a3-51fd148cfb17 is paid 
2024-02-01T12:18:05.450+01:00  INFO 5448 --- [       Thread-4] c.f.o.s.o.s.d.o.s.p.PaymentOutboxHelper  : OrderPaymentOutboxMessage saved with outbox id: 8904808e-286f-449b-9b56-b63ba8351cf2
2024-02-01T12:18:05.450+01:00  INFO 5448 --- [       Thread-5] c.f.o.s.o.s.d.o.s.p.PaymentOutboxHelper  : OrderPaymentOutboxMessage saved with outbox id: 8904808e-286f-449b-9b56-b63ba8351cf2
Hibernate: select a1_0.id,a1_0.created_at,a1_0.order_status,a1_0.outbox_status,a1_0.payload,a1_0.processed_at,a1_0.saga_id,a1_0.saga_status,a1_0.type,a1_0.version from restaurant_approval_outbox a1_0 where a1_0.id=?
Hibernate: select a1_0.id,a1_0.created_at,a1_0.order_status,a1_0.outbox_status,a1_0.payload,a1_0.processed_at,a1_0.saga_id,a1_0.saga_status,a1_0.type,a1_0.version from restaurant_approval_outbox a1_0 where a1_0.id=?
2024-02-01T12:18:05.459+01:00  INFO 5448 --- [       Thread-4] c.f.o.s.o.s.d.o.s.a.ApprovalOutboxHelper : OrderApprovalOutboxMessage saved with outbox id: 06cb52a7-d494-4550-bf4b-489ed680881c
2024-02-01T12:18:05.459+01:00  INFO 5448 --- [       Thread-5] c.f.o.s.o.s.d.o.s.a.ApprovalOutboxHelper : OrderApprovalOutboxMessage saved with outbox id: 4dc4e6b9-22ff-417e-aa69-9f8d407749eb
2024-02-01T12:18:05.460+01:00  INFO 5448 --- [       Thread-4] c.f.o.s.o.s.domain.OrderPaymentSaga      : Order with id: d215b5f8-0249-4dc5-89a3-51fd148cfb17 is paid
2024-02-01T12:18:05.460+01:00  INFO 5448 --- [       Thread-5] c.f.o.s.o.s.domain.OrderPaymentSaga      : Order with id: d215b5f8-0249-4dc5-89a3-51fd148cfb17 is paid
Hibernate: insert into restaurant_approval_outbox (created_at,order_status,outbox_status,payload,processed_at,saga_id,saga_status,type,version,id) values (?,?,?,?,?,?,?,?,?,?)
Hibernate: insert into restaurant_approval_outbox (created_at,order_status,outbox_status,payload,processed_at,saga_id,saga_status,type,version,id) values (?,?,?,?,?,?,?,?,?,?)
Hibernate: update payment_outbox set created_at=?,order_status=?,outbox_status=?,payload=?,processed_at=?,saga_id=?,saga_status=?,type=?,version=? where id=? and version=?
Hibernate: update payment_outbox set created_at=?,order_status=?,outbox_status=?,payload=?,processed_at=?,saga_id=?,saga_status=?,type=?,version=? where id=? and version=?
Hibernate: update orders set customer_id=?,failure_messages=?,order_status=?,price=?,restaurant_id=?,tracking_id=? where id=?
2024-02-01T12:18:05.475+01:00  INFO 5448 --- [-consumer-0-C-1] org.apache.kafka.clients.NetworkClient   : [Consumer clientId=consumer-customer-topic-consumer-3, groupId=customer-topic-consumer] Node -2 disconnected.
2024-02-01T12:18:05.475+01:00  INFO 5448 --- [-consumer-0-C-1] org.apache.kafka.clients.NetworkClient   : [Consumer clientId=consumer-restaurant-approval-topic-consumer-1, groupId=restaurant-approval-topic-consumer] Node -2 disconnected.
2024-02-01T12:18:05.475+01:00  WARN 5448 --- [-consumer-0-C-1] org.apache.kafka.clients.NetworkClient   : [Consumer clientId=consumer-restaurant-approval-topic-consumer-1, groupId=restaurant-approval-topic-consumer] Connection to node -2 (localhost/127.0.0.1:29092) could not be established. Broker may not be available.
2024-02-01T12:18:05.475+01:00  WARN 5448 --- [-consumer-0-C-1] org.apache.kafka.clients.NetworkClient   : [Consumer clientId=consumer-customer-topic-consumer-3, groupId=customer-topic-consumer] Connection to node -2 (localhost/127.0.0.1:29092) could not be established. Broker may not be available.
2024-02-01T12:18:05.475+01:00  WARN 5448 --- [-consumer-0-C-1] org.apache.kafka.clients.NetworkClient   : [Consumer clientId=consumer-restaurant-approval-topic-consumer-1, groupId=restaurant-approval-topic-consumer] Bootstrap broker localhost:29092 (id: -2 rack: null) disconnected
2024-02-01T12:18:05.475+01:00  WARN 5448 --- [-consumer-0-C-1] org.apache.kafka.clients.NetworkClient   : [Consumer clientId=consumer-customer-topic-consumer-3, groupId=customer-topic-consumer] Bootstrap broker localhost:29092 (id: -2 rack: null) disconnected
Hibernate: select p1_0.id,p1_0.created_at,p1_0.order_status,p1_0.outbox_status,p1_0.payload,p1_0.processed_at,p1_0.saga_id,p1_0.saga_status,p1_0.type,p1_0.version from payment_outbox p1_0 where p1_0.id=?
Hibernate: select p1_0.id,p1_0.created_at,p1_0.order_status,p1_0.outbox_status,p1_0.payload,p1_0.processed_at,p1_0.saga_id,p1_0.saga_status,p1_0.type,p1_0.version from payment_outbox p1_0 where p1_0.type=? and p1_0.saga_id=? and p1_0.saga_status in (?)
2024-02-01T12:18:05.540+01:00  INFO 5448 --- [-consumer-0-C-1] org.apache.kafka.clients.NetworkClient   : [Consumer clientId=consumer-payment-topic-consumer-2, groupId=payment-topic-consumer] Node -3 disconnected.
]]></system-out>
    <system-err><![CDATA[Exception in thread "Thread-4" org.springframework.orm.ObjectOptimisticLockingFailureException: Row was updated or deleted by another transaction (or unsaved-value mapping was incorrect) : [com.food.ordering.system.order.service.dataAccess.outbox.payment.entity.PaymentOutboxEntity#8904808e-286f-449b-9b56-b63ba8351cf2]
	at org.springframework.orm.jpa.vendor.HibernateJpaDialect.convertHibernateAccessException(HibernateJpaDialect.java:304)
	at org.springframework.orm.jpa.vendor.HibernateJpaDialect.translateExceptionIfPossible(HibernateJpaDialect.java:232)
	at org.springframework.orm.jpa.JpaTransactionManager.doCommit(JpaTransactionManager.java:565)
	at org.springframework.transaction.support.AbstractPlatformTransactionManager.processCommit(AbstractPlatformTransactionManager.java:743)
	at org.springframework.transaction.support.AbstractPlatformTransactionManager.commit(AbstractPlatformTransactionManager.java:711)
	at org.springframework.transaction.interceptor.TransactionAspectSupport.commitTransactionAfterReturning(TransactionAspectSupport.java:660)
	at org.springframework.transaction.interceptor.TransactionAspectSupport.invokeWithinTransaction(TransactionAspectSupport.java:410)
	at org.springframework.transaction.interceptor.TransactionInterceptor.invoke(TransactionInterceptor.java:119)
	at org.springframework.aop.framework.ReflectiveMethodInvocation.proceed(ReflectiveMethodInvocation.java:184)
	at org.springframework.aop.framework.CglibAopProxy$CglibMethodInvocation.proceed(CglibAopProxy.java:751)
	at org.springframework.aop.framework.CglibAopProxy$DynamicAdvisedInterceptor.intercept(CglibAopProxy.java:703)
	at com.food.ordering.system.order.service.domain.OrderPaymentSaga$$SpringCGLIB$$0.process(<generated>)
	at domain.OrderPaymentSagaTest.lambda$testDoublePaymentWithThreads$0(OrderPaymentSagaTest.java:54)
	at java.base/java.lang.Thread.run(Thread.java:842)
Caused by: org.hibernate.StaleObjectStateException: Row was updated or deleted by another transaction (or unsaved-value mapping was incorrect) : [com.food.ordering.system.order.service.dataAccess.outbox.payment.entity.PaymentOutboxEntity#8904808e-286f-449b-9b56-b63ba8351cf2]
	at org.hibernate.engine.jdbc.mutation.internal.ModelMutationHelper.identifiedResultsCheck(ModelMutationHelper.java:75)
	at org.hibernate.persister.entity.mutation.UpdateCoordinatorStandard.lambda$doStaticUpdate$8(UpdateCoordinatorStandard.java:775)
	at org.hibernate.engine.jdbc.mutation.internal.ModelMutationHelper.checkResults(ModelMutationHelper.java:50)
	at org.hibernate.engine.jdbc.mutation.internal.AbstractMutationExecutor.performNonBatchedMutation(AbstractMutationExecutor.java:114)
	at org.hibernate.engine.jdbc.mutation.internal.MutationExecutorSingleNonBatched.performNonBatchedOperations(MutationExecutorSingleNonBatched.java:40)
	at org.hibernate.engine.jdbc.mutation.internal.AbstractMutationExecutor.execute(AbstractMutationExecutor.java:52)
	at org.hibernate.persister.entity.mutation.UpdateCoordinatorStandard.doStaticUpdate(UpdateCoordinatorStandard.java:771)
	at org.hibernate.persister.entity.mutation.UpdateCoordinatorStandard.performUpdate(UpdateCoordinatorStandard.java:327)
	at org.hibernate.persister.entity.mutation.UpdateCoordinatorStandard.coordinateUpdate(UpdateCoordinatorStandard.java:244)
	at org.hibernate.persister.entity.AbstractEntityPersister.update(AbstractEntityPersister.java:2749)
	at org.hibernate.action.internal.EntityUpdateAction.execute(EntityUpdateAction.java:166)
	at org.hibernate.engine.spi.ActionQueue.executeActions(ActionQueue.java:635)
	at org.hibernate.engine.spi.ActionQueue.executeActions(ActionQueue.java:502)
	at org.hibernate.event.internal.AbstractFlushingEventListener.performExecutions(AbstractFlushingEventListener.java:364)
	at org.hibernate.event.internal.DefaultFlushEventListener.onFlush(DefaultFlushEventListener.java:39)
	at org.hibernate.event.service.internal.EventListenerGroupImpl.fireEventOnEachListener(EventListenerGroupImpl.java:127)
	at org.hibernate.internal.SessionImpl.doFlush(SessionImpl.java:1412)
	at org.hibernate.internal.SessionImpl.managedFlush(SessionImpl.java:485)
	at org.hibernate.internal.SessionImpl.flushBeforeTransactionCompletion(SessionImpl.java:2301)
	at org.hibernate.internal.SessionImpl.beforeTransactionCompletion(SessionImpl.java:1966)
	at org.hibernate.engine.jdbc.internal.JdbcCoordinatorImpl.beforeTransactionCompletion(JdbcCoordinatorImpl.java:439)
	at org.hibernate.resource.transaction.backend.jdbc.internal.JdbcResourceLocalTransactionCoordinatorImpl.beforeCompletionCallback(JdbcResourceLocalTransactionCoordinatorImpl.java:169)
	at org.hibernate.resource.transaction.backend.jdbc.internal.JdbcResourceLocalTransactionCoordinatorImpl$TransactionDriverControlImpl.commit(JdbcResourceLocalTransactionCoordinatorImpl.java:267)
	at org.hibernate.engine.transaction.internal.TransactionImpl.commit(TransactionImpl.java:101)
	at org.springframework.orm.jpa.JpaTransactionManager.doCommit(JpaTransactionManager.java:561)
	... 11 more
]]></system-err>
  </testcase>
  <testcase name="testDoublePayment" classname="domain.OrderPaymentSagaTest" time="0.153">
    <system-out><![CDATA[2024-02-01T12:18:05.542+01:00  WARN 5448 --- [-consumer-0-C-1] org.apache.kafka.clients.NetworkClient   : [Consumer clientId=consumer-payment-topic-consumer-2, groupId=payment-topic-consumer] Connection to node -3 (localhost/127.0.0.1:39092) could not be established. Broker may not be available.
2024-02-01T12:18:05.557+01:00  WARN 5448 --- [-consumer-0-C-1] org.apache.kafka.clients.NetworkClient   : [Consumer clientId=consumer-payment-topic-consumer-2, groupId=payment-topic-consumer] Bootstrap broker localhost:39092 (id: -3 rack: null) disconnected
2024-02-01T12:18:05.586+01:00  INFO 5448 --- [-consumer-0-C-1] org.apache.kafka.clients.NetworkClient   : [Consumer clientId=consumer-restaurant-approval-topic-consumer-1, groupId=restaurant-approval-topic-consumer] Node -3 disconnected.
2024-02-01T12:18:05.586+01:00  WARN 5448 --- [-consumer-0-C-1] org.apache.kafka.clients.NetworkClient   : [Consumer clientId=consumer-restaurant-approval-topic-consumer-1, groupId=restaurant-approval-topic-consumer] Connection to node -3 (localhost/127.0.0.1:39092) could not be established. Broker may not be available.
2024-02-01T12:18:05.587+01:00  WARN 5448 --- [-consumer-0-C-1] org.apache.kafka.clients.NetworkClient   : [Consumer clientId=consumer-restaurant-approval-topic-consumer-1, groupId=restaurant-approval-topic-consumer] Bootstrap broker localhost:39092 (id: -3 rack: null) disconnected
Hibernate: select p1_0.id,p1_0.created_at,p1_0.order_status,p1_0.outbox_status,p1_0.payload,p1_0.processed_at,p1_0.saga_id,p1_0.saga_status,p1_0.type,p1_0.version from payment_outbox p1_0 where p1_0.type=? and p1_0.saga_id=? and p1_0.saga_status in (?)
2024-02-01T12:18:05.614+01:00  INFO 5448 --- [           main] c.f.o.s.o.s.domain.OrderPaymentSaga      : Completing payment for order with id: d215b5f8-0249-4dc5-89a3-51fd148cfb17
Hibernate: select o1_0.id,a1_0.id,a1_0.city,a1_0.postal_code,a1_0.street,o1_0.customer_id,o1_0.failure_messages,o1_0.order_status,o1_0.price,o1_0.restaurant_id,o1_0.tracking_id from orders o1_0 left join order_address a1_0 on o1_0.id=a1_0.order_id where o1_0.id=?
Hibernate: select i1_0.order_id,i1_0.id,i1_0.price,i1_0.product_id,i1_0.quantity,i1_0.sub_total from order_items i1_0 where i1_0.order_id=?
2024-02-01T12:18:05.623+01:00  INFO 5448 --- [           main] c.f.o.s.o.s.d.OrderDomainServiceImpl     : order with id: d215b5f8-0249-4dc5-89a3-51fd148cfb17 is paid 
2024-02-01T12:18:05.627+01:00  INFO 5448 --- [           main] c.f.o.s.o.s.d.o.s.p.PaymentOutboxHelper  : OrderPaymentOutboxMessage saved with outbox id: 8904808e-286f-449b-9b56-b63ba8351cf2
Hibernate: select a1_0.id,a1_0.created_at,a1_0.order_status,a1_0.outbox_status,a1_0.payload,a1_0.processed_at,a1_0.saga_id,a1_0.saga_status,a1_0.type,a1_0.version from restaurant_approval_outbox a1_0 where a1_0.id=?
2024-02-01T12:18:05.637+01:00  INFO 5448 --- [           main] c.f.o.s.o.s.d.o.s.a.ApprovalOutboxHelper : OrderApprovalOutboxMessage saved with outbox id: 9e6af916-9baa-4e9e-b29e-7c19cd35b325
2024-02-01T12:18:05.639+01:00  INFO 5448 --- [           main] c.f.o.s.o.s.domain.OrderPaymentSaga      : Order with id: d215b5f8-0249-4dc5-89a3-51fd148cfb17 is paid
Hibernate: insert into restaurant_approval_outbox (created_at,order_status,outbox_status,payload,processed_at,saga_id,saga_status,type,version,id) values (?,?,?,?,?,?,?,?,?,?)
2024-02-01T12:18:05.648+01:00  INFO 5448 --- [-consumer-0-C-1] org.apache.kafka.clients.NetworkClient   : [Consumer clientId=consumer-payment-topic-consumer-2, groupId=payment-topic-consumer] Node -1 disconnected.
2024-02-01T12:18:05.650+01:00  WARN 5448 --- [-consumer-0-C-1] org.apache.kafka.clients.NetworkClient   : [Consumer clientId=consumer-payment-topic-consumer-2, groupId=payment-topic-consumer] Connection to node -1 (localhost/127.0.0.1:19092) could not be established. Broker may not be available.
2024-02-01T12:18:05.650+01:00  WARN 5448 --- [-consumer-0-C-1] org.apache.kafka.clients.NetworkClient   : [Consumer clientId=consumer-payment-topic-consumer-2, groupId=payment-topic-consumer] Bootstrap broker localhost:19092 (id: -1 rack: null) disconnected
Hibernate: update payment_outbox set created_at=?,order_status=?,outbox_status=?,payload=?,processed_at=?,saga_id=?,saga_status=?,type=?,version=? where id=? and version=?
2024-02-01T12:18:05.659+01:00  INFO 5448 --- [-consumer-0-C-1] org.apache.kafka.clients.NetworkClient   : [Consumer clientId=consumer-customer-topic-consumer-3, groupId=customer-topic-consumer] Node -3 disconnected.
2024-02-01T12:18:05.661+01:00  WARN 5448 --- [-consumer-0-C-1] org.apache.kafka.clients.NetworkClient   : [Consumer clientId=consumer-customer-topic-consumer-3, groupId=customer-topic-consumer] Connection to node -3 (localhost/127.0.0.1:39092) could not be established. Broker may not be available.
2024-02-01T12:18:05.662+01:00  WARN 5448 --- [-consumer-0-C-1] org.apache.kafka.clients.NetworkClient   : [Consumer clientId=consumer-customer-topic-consumer-3, groupId=customer-topic-consumer] Bootstrap broker localhost:39092 (id: -3 rack: null) disconnected
Hibernate: update orders set customer_id=?,failure_messages=?,order_status=?,price=?,restaurant_id=?,tracking_id=? where id=?
Hibernate: select p1_0.id,p1_0.created_at,p1_0.order_status,p1_0.outbox_status,p1_0.payload,p1_0.processed_at,p1_0.saga_id,p1_0.saga_status,p1_0.type,p1_0.version from payment_outbox p1_0 where p1_0.type=? and p1_0.saga_id=? and p1_0.saga_status in (?)
2024-02-01T12:18:05.687+01:00  INFO 5448 --- [           main] c.f.o.s.o.s.domain.OrderPaymentSaga      : An outbox message with saga id: 15a497c1-0f4b-4eff-b9f4-c402c8c07afa is already processed!
]]></system-out>
  </testcase>
</testsuite>